Iniciando SAT Runner... (VERSION FINALISIMA v2)
Iniciando SAT Runner... (VERSION FINALISIMA v2)
[Runner] Procesando Request 73af9a85-251e-4701-9851-85a2f75a8825 (RFC: GAMC810409FG6) - Estado: polling
SAT Status: 2
[Runner] Procesando Request f4b7d1f2-57d3-4e2d-8c0b-5046e780dd15 (RFC: GAMC810409FG6) - Estado: polling
SAT Status: 2
[Runner] Procesando Request 73af9a85-251e-4701-9851-85a2f75a8825 (RFC: GAMC810409FG6) - Estado: polling
SAT Status: 2
[Runner] Procesando Request f4b7d1f2-57d3-4e2d-8c0b-5046e780dd15 (RFC: GAMC810409FG6) - Estado: polling
SAT Status: 2
[Runner] Procesando Request 73af9a85-251e-4701-9851-85a2f75a8825 (RFC: GAMC810409FG6) - Estado: polling
SAT Status: 2
[Runner] Procesando Request f4b7d1f2-57d3-4e2d-8c0b-5046e780dd15 (RFC: GAMC810409FG6) - Estado: polling
SAT Status: 2
[Runner] Procesando Request 73af9a85-251e-4701-9851-85a2f75a8825 (RFC: GAMC810409FG6) - Estado: polling
SAT Status: 2
[Runner] Procesando Request f4b7d1f2-57d3-4e2d-8c0b-5046e780dd15 (RFC: GAMC810409FG6) - Estado: polling
SAT Status: 2
[Runner] Procesando Request 73af9a85-251e-4701-9851-85a2f75a8825 (RFC: GAMC810409FG6) - Estado: polling
SAT Status: 2
[Runner] Procesando Request f4b7d1f2-57d3-4e2d-8c0b-5046e780dd15 (RFC: GAMC810409FG6) - Estado: polling
SAT Status: 2
[Runner] Procesando Request 73af9a85-251e-4701-9851-85a2f75a8825 (RFC: GAMC810409FG6) - Estado: polling
SAT Status: 2
[Runner] Procesando Request f4b7d1f2-57d3-4e2d-8c0b-5046e780dd15 (RFC: GAMC810409FG6) - Estado: polling
SAT Status: 2
[Runner] Procesando Request 73af9a85-251e-4701-9851-85a2f75a8825 (RFC: GAMC810409FG6) - Estado: polling
SAT Status: 2
[Runner] Procesando Request f4b7d1f2-57d3-4e2d-8c0b-5046e780dd15 (RFC: GAMC810409FG6) - Estado: polling
SAT Status: 2
[Runner] Procesando Request 73af9a85-251e-4701-9851-85a2f75a8825 (RFC: GAMC810409FG6) - Estado: polling
SAT Status: 2
[Runner] Procesando Request f4b7d1f2-57d3-4e2d-8c0b-5046e780dd15 (RFC: GAMC810409FG6) - Estado: polling
SAT Status: 2
[Runner] Procesando Request 73af9a85-251e-4701-9851-85a2f75a8825 (RFC: GAMC810409FG6) - Estado: polling
SAT Status: 2
[Runner] Procesando Request f4b7d1f2-57d3-4e2d-8c0b-5046e780dd15 (RFC: GAMC810409FG6) - Estado: polling
SAT Status: 2
[Runner] Procesando Request 73af9a85-251e-4701-9851-85a2f75a8825 (RFC: GAMC810409FG6) - Estado: polling
SAT Status: 2
[Runner] Procesando Request f4b7d1f2-57d3-4e2d-8c0b-5046e780dd15 (RFC: GAMC810409FG6) - Estado: polling
SAT Status: 2
[Runner] Procesando Request 73af9a85-251e-4701-9851-85a2f75a8825 (RFC: GAMC810409FG6) - Estado: polling
SAT Status: 2
[Runner] Procesando Request f4b7d1f2-57d3-4e2d-8c0b-5046e780dd15 (RFC: GAMC810409FG6) - Estado: polling
SAT Status: 2
[Runner] Procesando Request 73af9a85-251e-4701-9851-85a2f75a8825 (RFC: GAMC810409FG6) - Estado: polling
SAT Status: 2
[Runner] Procesando Request f4b7d1f2-57d3-4e2d-8c0b-5046e780dd15 (RFC: GAMC810409FG6) - Estado: polling
SAT Status: 2
[Runner] Procesando Request 73af9a85-251e-4701-9851-85a2f75a8825 (RFC: GAMC810409FG6) - Estado: polling
SAT Status: 2
[Runner] Procesando Request f4b7d1f2-57d3-4e2d-8c0b-5046e780dd15 (RFC: GAMC810409FG6) - Estado: polling
SAT Status: 2
[Runner] Procesando Request 73af9a85-251e-4701-9851-85a2f75a8825 (RFC: GAMC810409FG6) - Estado: polling
SAT Status: 2
[Runner] Procesando Request f4b7d1f2-57d3-4e2d-8c0b-5046e780dd15 (RFC: GAMC810409FG6) - Estado: polling
SAT Status: 2
[Runner] Procesando Request 73af9a85-251e-4701-9851-85a2f75a8825 (RFC: GAMC810409FG6) - Estado: polling
SAT Status: 2
[Runner] Procesando Request f4b7d1f2-57d3-4e2d-8c0b-5046e780dd15 (RFC: GAMC810409FG6) - Estado: polling
SAT Status: 2
[Runner] Procesando Request f4b7d1f2-57d3-4e2d-8c0b-5046e780dd15 (RFC: GAMC810409FG6) - Estado: polling
SAT Status: 2
[Runner] Procesando Request f4b7d1f2-57d3-4e2d-8c0b-5046e780dd15 (RFC: GAMC810409FG6) - Estado: polling
SAT Status: 2
[Runner] Procesando Request f4b7d1f2-57d3-4e2d-8c0b-5046e780dd15 (RFC: GAMC810409FG6) - Estado: polling
SAT Status: 2
[Runner] Procesando Request f4b7d1f2-57d3-4e2d-8c0b-5046e780dd15 (RFC: GAMC810409FG6) - Estado: polling
SAT Status: 2
[Runner] Procesando Request f4b7d1f2-57d3-4e2d-8c0b-5046e780dd15 (RFC: GAMC810409FG6) - Estado: polling
SAT Status: 2
[Runner] Procesando Request f4b7d1f2-57d3-4e2d-8c0b-5046e780dd15 (RFC: GAMC810409FG6) - Estado: polling
SAT Status: 2
[Runner] Procesando Request f4b7d1f2-57d3-4e2d-8c0b-5046e780dd15 (RFC: GAMC810409FG6) - Estado: polling
SAT Status: 2
[Runner] Procesando Request f4b7d1f2-57d3-4e2d-8c0b-5046e780dd15 (RFC: GAMC810409FG6) - Estado: polling
SAT Status: 2
[Runner] Procesando Request f4b7d1f2-57d3-4e2d-8c0b-5046e780dd15 (RFC: GAMC810409FG6) - Estado: polling
SAT Status: 2
[Runner] Procesando Request 73af9a85-251e-4701-9851-85a2f75a8825 (RFC: GAMC810409FG6) - Estado: polling
SAT Status: 2
[Runner] Procesando Request f4b7d1f2-57d3-4e2d-8c0b-5046e780dd15 (RFC: GAMC810409FG6) - Estado: polling
SAT Status: 2
[Runner] Procesando Request 73af9a85-251e-4701-9851-85a2f75a8825 (RFC: GAMC810409FG6) - Estado: polling
SAT Status: 2
[Runner] Procesando Request f4b7d1f2-57d3-4e2d-8c0b-5046e780dd15 (RFC: GAMC810409FG6) - Estado: polling
SAT Status: 2
[Runner] Procesando Request 73af9a85-251e-4701-9851-85a2f75a8825 (RFC: GAMC810409FG6) - Estado: polling
SAT Status: 2
[Runner] Procesando Request f4b7d1f2-57d3-4e2d-8c0b-5046e780dd15 (RFC: GAMC810409FG6) - Estado: polling
SAT Status: 2
[Runner] Procesando Request 73af9a85-251e-4701-9851-85a2f75a8825 (RFC: GAMC810409FG6) - Estado: polling
SAT Status: 2
[Runner] Procesando Request f4b7d1f2-57d3-4e2d-8c0b-5046e780dd15 (RFC: GAMC810409FG6) - Estado: polling
SAT Status: 2
[Runner] Procesando Request 73af9a85-251e-4701-9851-85a2f75a8825 (RFC: GAMC810409FG6) - Estado: polling
SAT Status: 2
[Runner] Procesando Request f4b7d1f2-57d3-4e2d-8c0b-5046e780dd15 (RFC: GAMC810409FG6) - Estado: polling
SAT Status: 2
[Runner] Procesando Request 73af9a85-251e-4701-9851-85a2f75a8825 (RFC: GAMC810409FG6) - Estado: polling
SAT Status: 2
[Runner] Procesando Request f4b7d1f2-57d3-4e2d-8c0b-5046e780dd15 (RFC: GAMC810409FG6) - Estado: polling
SAT Status: 2
[Runner] Procesando Request 73af9a85-251e-4701-9851-85a2f75a8825 (RFC: GAMC810409FG6) - Estado: polling
SAT Status: 2
[Runner] Procesando Request f4b7d1f2-57d3-4e2d-8c0b-5046e780dd15 (RFC: GAMC810409FG6) - Estado: polling
SAT Status: 2
[Runner] Procesando Request 73af9a85-251e-4701-9851-85a2f75a8825 (RFC: GAMC810409FG6) - Estado: polling
SAT Status: 2
[Runner] Procesando Request f4b7d1f2-57d3-4e2d-8c0b-5046e780dd15 (RFC: GAMC810409FG6) - Estado: polling
SAT Status: 2
[Runner] Procesando Request 73af9a85-251e-4701-9851-85a2f75a8825 (RFC: GAMC810409FG6) - Estado: polling
SAT Status: 2
[Runner] Procesando Request f4b7d1f2-57d3-4e2d-8c0b-5046e780dd15 (RFC: GAMC810409FG6) - Estado: polling
SAT Status: 2
[Runner] Procesando Request 73af9a85-251e-4701-9851-85a2f75a8825 (RFC: GAMC810409FG6) - Estado: polling
SAT Status: 2
[Runner] Procesando Request f4b7d1f2-57d3-4e2d-8c0b-5046e780dd15 (RFC: GAMC810409FG6) - Estado: polling
SAT Status: 2
[Runner] Procesando Request 73af9a85-251e-4701-9851-85a2f75a8825 (RFC: GAMC810409FG6) - Estado: polling
SAT Status: 2
[Runner] Procesando Request f4b7d1f2-57d3-4e2d-8c0b-5046e780dd15 (RFC: GAMC810409FG6) - Estado: polling
SAT Status: 2
[Runner] Procesando Request 73af9a85-251e-4701-9851-85a2f75a8825 (RFC: GAMC810409FG6) - Estado: polling
SAT Status: 3
¡Paquetes listos! IDs: 25EE83A0-BFA6-4B59-B858-6310F8814BDC_01,25EE83A0-BFA6-4B59-B858-6310F8814BDC_02,25EE83A0-BFA6-4B59-B858-6310F8814BDC_01-01
[Runner] Procesando Request f4b7d1f2-57d3-4e2d-8c0b-5046e780dd15 (RFC: GAMC810409FG6) - Estado: polling
SAT Status: 3
¡Paquetes listos! IDs: DB2CF1AB-8366-41AA-9296-335A29655AE1_01,DB2CF1AB-8366-41AA-9296-335A29655AE1_02
[Runner] Procesando Request f4b7d1f2-57d3-4e2d-8c0b-5046e780dd15 (RFC: GAMC810409FG6) - Estado: downloading
Descomprimiendo en: /var/www/storage/app/sat/downloads/GAMC810409FG6/db2cf1ab-8366-41aa-9296-335a29655ae1/extracted_DB2CF1AB-8366-41AA-9296-335A29655AE1_01
¡ÉXITO! Paquete descomprimido con ZipArchive. Archivos: 7002
Descomprimiendo en: /var/www/storage/app/sat/downloads/GAMC810409FG6/db2cf1ab-8366-41aa-9296-335a29655ae1/extracted_DB2CF1AB-8366-41AA-9296-335A29655AE1_02
¡ÉXITO! Paquete descomprimido con ZipArchive. Archivos: 3864
Iniciando extracción STANDARD...
[Error] unlink(/var/www/storage/app/sat/tmp/db2cf1ab-8366-41aa-9296-335a29655ae1/b284f6d4-dead-4fd2-9ddc-f233daafc1e1.xml): No such file or directory
[Runner] Procesando Request 402482b3-3caa-4eed-8fd0-a72933de2b3d (RFC: GAMC810409FG6) - Estado: polling
SAT Status: 2
[Runner] Procesando Request dcb0c8bd-f3dd-4e76-8384-ead6e5e2d870 (RFC: GAMC810409FG6) - Estado: polling
SAT Status: 2
[Runner] Procesando Request 402482b3-3caa-4eed-8fd0-a72933de2b3d (RFC: GAMC810409FG6) - Estado: polling
SAT Status: 3
¡Paquetes listos! IDs: 36FBC535-E621-49F7-9AB2-60DE80F71199_01
[Runner] Procesando Request dcb0c8bd-f3dd-4e76-8384-ead6e5e2d870 (RFC: GAMC810409FG6) - Estado: polling
SAT Status: 3
¡Paquetes listos! IDs: 3EBFB5A0-0C4E-4016-BA04-A471B447C3C8_01
[Runner] Procesando Request f1a5304f-d941-4c35-a7bb-776a7d232f6e (RFC: GAMC810409FG6) - Estado: polling
SAT Status: 3
¡Paquetes listos! IDs: A1FBF48A-9A52-46CC-9398-60169C9E8B2B_01
[Runner] Procesando Request 6461c1d5-ea0e-435c-9163-f63c2ed99560 (RFC: GAMC810409FG6) - Estado: polling
SAT Status: 3
¡Paquetes listos! IDs: 8DB4463D-ED9E-4D33-969E-701FC341DC61_01
[Runner] Procesando Request 26c2c9b6-588f-47c6-9ca7-0657e8b738ee (RFC: ROBL8205181B2) - Estado: created
[Error] Cannot open private key: error:1C800064:Provider routines::bad decrypt
[Runner] Procesando Request 5004375e-e448-4e05-8cea-98dbb16336e5 (RFC: ROBL8205181B2) - Estado: created
[Error] Cannot open private key: error:11800074:PKCS12 routines::pkcs12 cipherfinal error
[Runner] Procesando Request 26c2c9b6-588f-47c6-9ca7-0657e8b738ee (RFC: ROBL8205181B2) - Estado: created
[Error] Cannot open private key: error:1C800064:Provider routines::bad decrypt
[Runner] Procesando Request 5004375e-e448-4e05-8cea-98dbb16336e5 (RFC: ROBL8205181B2) - Estado: created
[Error] Cannot open private key: error:11800074:PKCS12 routines::pkcs12 cipherfinal error
[Runner] Procesando Request d3216ba4-8d0d-4a92-a4d9-7dd439dd43db (RFC: GAMC810409FG6) - Estado: created
Solicitud creada en SAT: f7a3f270-5fea-4a24-82fe-c2011d0d4fc8
[Runner] Procesando Request 18f8d5e3-bb20-4996-a248-ce3c0b1c4492 (RFC: GAMC810409FG6) - Estado: created
Solicitud creada en SAT: e1b3cecd-8ce6-4bae-8c77-1ea5827805ce
[Runner] Procesando Request 26c2c9b6-588f-47c6-9ca7-0657e8b738ee (RFC: ROBL8205181B2) - Estado: created
[Error] Cannot open private key: error:11800074:PKCS12 routines::pkcs12 cipherfinal error
[Runner] Procesando Request 5004375e-e448-4e05-8cea-98dbb16336e5 (RFC: ROBL8205181B2) - Estado: created
[Error] Cannot open private key: error:11800074:PKCS12 routines::pkcs12 cipherfinal error
[Runner] Procesando Request 26c2c9b6-588f-47c6-9ca7-0657e8b738ee (RFC: ROBL8205181B2) - Estado: created
[Error] Cannot open private key: error:11800074:PKCS12 routines::pkcs12 cipherfinal error
[Runner] Procesando Request 5004375e-e448-4e05-8cea-98dbb16336e5 (RFC: ROBL8205181B2) - Estado: created
[Error] Cannot open private key: error:11800074:PKCS12 routines::pkcs12 cipherfinal error
[Runner] Procesando Request 18f8d5e3-bb20-4996-a248-ce3c0b1c4492 (RFC: GAMC810409FG6) - Estado: polling
SAT Status: 2
[Runner] Procesando Request 26c2c9b6-588f-47c6-9ca7-0657e8b738ee (RFC: ROBL8205181B2) - Estado: created
[Error] Cannot open private key: error:11800074:PKCS12 routines::pkcs12 cipherfinal error
[Runner] Procesando Request 5004375e-e448-4e05-8cea-98dbb16336e5 (RFC: ROBL8205181B2) - Estado: created
[Error] Cannot open private key: error:11800074:PKCS12 routines::pkcs12 cipherfinal error
[Runner] Procesando Request 18f8d5e3-bb20-4996-a248-ce3c0b1c4492 (RFC: GAMC810409FG6) - Estado: polling
SAT Status: 2
[Runner] Procesando Request 73cf562f-5658-4176-ab19-f297911e6d2a (RFC: ROBL8205181B2) - Estado: created
Solicitud creada en SAT: 43bddfc2-dfc4-4737-a3f5-327d5549eb2d
[Runner] Procesando Request d4a0dfa6-1260-4ce7-be0d-1007e6442a96 (RFC: ROBL8205181B2) - Estado: created
Solicitud creada en SAT: 619be80b-4815-41b3-81e4-91ea0585b1e9
[Runner] Procesando Request d4a0dfa6-1260-4ce7-be0d-1007e6442a96 (RFC: ROBL8205181B2) - Estado: polling
SAT Status: 2
[Runner] Procesando Request d4a0dfa6-1260-4ce7-be0d-1007e6442a96 (RFC: ROBL8205181B2) - Estado: polling
SAT Status: 2
[Runner] Procesando Request 73cf562f-5658-4176-ab19-f297911e6d2a (RFC: ROBL8205181B2) - Estado: polling
SAT Status: 2
[Runner] Procesando Request d4a0dfa6-1260-4ce7-be0d-1007e6442a96 (RFC: ROBL8205181B2) - Estado: polling
SAT Status: 2
[Runner] Procesando Request 73cf562f-5658-4176-ab19-f297911e6d2a (RFC: ROBL8205181B2) - Estado: polling
SAT Status: 2
[Runner] Procesando Request d4a0dfa6-1260-4ce7-be0d-1007e6442a96 (RFC: ROBL8205181B2) - Estado: polling
SAT Status: 2
[Runner] Procesando Request 73cf562f-5658-4176-ab19-f297911e6d2a (RFC: ROBL8205181B2) - Estado: polling
SAT Status: 2
[Runner] Procesando Request d4a0dfa6-1260-4ce7-be0d-1007e6442a96 (RFC: ROBL8205181B2) - Estado: polling
SAT Status: 2
[Runner] Procesando Request 73cf562f-5658-4176-ab19-f297911e6d2a (RFC: ROBL8205181B2) - Estado: polling
SAT Status: 2
[Runner] Procesando Request d4a0dfa6-1260-4ce7-be0d-1007e6442a96 (RFC: ROBL8205181B2) - Estado: polling
SAT Status: 2
[Runner] Procesando Request 73cf562f-5658-4176-ab19-f297911e6d2a (RFC: ROBL8205181B2) - Estado: polling
SAT Status: 2
[Runner] Procesando Request d4a0dfa6-1260-4ce7-be0d-1007e6442a96 (RFC: ROBL8205181B2) - Estado: polling
SAT Status: 2
[Runner] Procesando Request 73cf562f-5658-4176-ab19-f297911e6d2a (RFC: ROBL8205181B2) - Estado: polling
SAT Status: 2
[Runner] Procesando Request d4a0dfa6-1260-4ce7-be0d-1007e6442a96 (RFC: ROBL8205181B2) - Estado: polling
SAT Status: 2
[Runner] Procesando Request 73cf562f-5658-4176-ab19-f297911e6d2a (RFC: ROBL8205181B2) - Estado: polling
SAT Status: 2
[Runner] Procesando Request d4a0dfa6-1260-4ce7-be0d-1007e6442a96 (RFC: ROBL8205181B2) - Estado: polling
SAT Status: 2
[Runner] Procesando Request 73cf562f-5658-4176-ab19-f297911e6d2a (RFC: ROBL8205181B2) - Estado: polling
SAT Status: 2
[Runner] Procesando Request d4a0dfa6-1260-4ce7-be0d-1007e6442a96 (RFC: ROBL8205181B2) - Estado: polling
SAT Status: 2
[Runner] Procesando Request 73cf562f-5658-4176-ab19-f297911e6d2a (RFC: ROBL8205181B2) - Estado: polling
SAT Status: 2
[Runner] Procesando Request d4a0dfa6-1260-4ce7-be0d-1007e6442a96 (RFC: ROBL8205181B2) - Estado: polling
SAT Status: 2
[Runner] Procesando Request 33284536-21e7-4439-8afb-0e1eab71d218 (RFC: GBE2302249G5) - Estado: polling
SAT Status: 2
[Runner] Procesando Request ad996b6b-00a1-4db6-8265-d65fe4c1714d (RFC: GBE2302249G5) - Estado: polling
SAT Status: 2
[Runner] Procesando Request 73cf562f-5658-4176-ab19-f297911e6d2a (RFC: ROBL8205181B2) - Estado: polling
SAT Status: 3
¡Paquetes listos! IDs: 43BDDFC2-DFC4-4737-A3F5-327D5549EB2D_01
[Runner] Procesando Request d4a0dfa6-1260-4ce7-be0d-1007e6442a96 (RFC: ROBL8205181B2) - Estado: polling
SAT Status: 3
¡Paquetes listos! IDs: 619BE80B-4815-41B3-81E4-91EA0585B1E9_01
[Runner] Procesando Request 33284536-21e7-4439-8afb-0e1eab71d218 (RFC: GBE2302249G5) - Estado: polling
SAT Status: 2
[Runner] Procesando Request ad996b6b-00a1-4db6-8265-d65fe4c1714d (RFC: GBE2302249G5) - Estado: polling
SAT Status: 2
[Runner] Procesando Request 33284536-21e7-4439-8afb-0e1eab71d218 (RFC: GBE2302249G5) - Estado: polling
SAT Status: 2
[Runner] Procesando Request ad996b6b-00a1-4db6-8265-d65fe4c1714d (RFC: GBE2302249G5) - Estado: polling
SAT Status: 2
[Runner] Procesando Request 33284536-21e7-4439-8afb-0e1eab71d218 (RFC: GBE2302249G5) - Estado: polling
SAT Status: 2
[Runner] Procesando Request ad996b6b-00a1-4db6-8265-d65fe4c1714d (RFC: GBE2302249G5) - Estado: polling
SAT Status: 2
[Runner] Procesando Request 33284536-21e7-4439-8afb-0e1eab71d218 (RFC: GBE2302249G5) - Estado: polling
SAT Status: 2
[Runner] Procesando Request ad996b6b-00a1-4db6-8265-d65fe4c1714d (RFC: GBE2302249G5) - Estado: polling
SAT Status: 2
[Runner] Procesando Request 33284536-21e7-4439-8afb-0e1eab71d218 (RFC: GBE2302249G5) - Estado: polling
SAT Status: 2
[Runner] Procesando Request ad996b6b-00a1-4db6-8265-d65fe4c1714d (RFC: GBE2302249G5) - Estado: polling
SAT Status: 2
[Runner] Procesando Request 33284536-21e7-4439-8afb-0e1eab71d218 (RFC: GBE2302249G5) - Estado: polling
SAT Status: 2
[Runner] Procesando Request ad996b6b-00a1-4db6-8265-d65fe4c1714d (RFC: GBE2302249G5) - Estado: polling
SAT Status: 2
[Runner] Procesando Request 33284536-21e7-4439-8afb-0e1eab71d218 (RFC: GBE2302249G5) - Estado: polling
SAT Status: 2
[Runner] Procesando Request ad996b6b-00a1-4db6-8265-d65fe4c1714d (RFC: GBE2302249G5) - Estado: polling
SAT Status: 2
[Runner] Procesando Request ad996b6b-00a1-4db6-8265-d65fe4c1714d (RFC: GBE2302249G5) - Estado: polling
SAT Status: 2
[Runner] Procesando Request ad996b6b-00a1-4db6-8265-d65fe4c1714d (RFC: GBE2302249G5) - Estado: polling
SAT Status: 2
[Runner] Procesando Request ad996b6b-00a1-4db6-8265-d65fe4c1714d (RFC: GBE2302249G5) - Estado: polling
SAT Status: 2
[Runner] Procesando Request ad996b6b-00a1-4db6-8265-d65fe4c1714d (RFC: GBE2302249G5) - Estado: polling
SAT Status: 2
[Runner] Procesando Request ad996b6b-00a1-4db6-8265-d65fe4c1714d (RFC: GBE2302249G5) - Estado: polling
SAT Status: 2
[Runner] Procesando Request ad996b6b-00a1-4db6-8265-d65fe4c1714d (RFC: GBE2302249G5) - Estado: polling
SAT Status: 2
[Runner] Procesando Request ad996b6b-00a1-4db6-8265-d65fe4c1714d (RFC: GBE2302249G5) - Estado: polling
SAT Status: 2
[Runner] Procesando Request ad996b6b-00a1-4db6-8265-d65fe4c1714d (RFC: GBE2302249G5) - Estado: polling
SAT Status: 2
[Runner] Procesando Request ad996b6b-00a1-4db6-8265-d65fe4c1714d (RFC: GBE2302249G5) - Estado: polling
SAT Status: 2
[Runner] Procesando Request ad996b6b-00a1-4db6-8265-d65fe4c1714d (RFC: GBE2302249G5) - Estado: polling
SAT Status: 2
[Runner] Procesando Request ad996b6b-00a1-4db6-8265-d65fe4c1714d (RFC: GBE2302249G5) - Estado: polling
SAT Status: 2
[Runner] Procesando Request ad996b6b-00a1-4db6-8265-d65fe4c1714d (RFC: GBE2302249G5) - Estado: polling
SAT Status: 2
[Runner] Procesando Request ad996b6b-00a1-4db6-8265-d65fe4c1714d (RFC: GBE2302249G5) - Estado: polling
SAT Status: 2
[Runner] Procesando Request ad996b6b-00a1-4db6-8265-d65fe4c1714d (RFC: GBE2302249G5) - Estado: polling
SAT Status: 2
[Runner] Procesando Request ad996b6b-00a1-4db6-8265-d65fe4c1714d (RFC: GBE2302249G5) - Estado: polling
SAT Status: 2
[Runner] Procesando Request ad996b6b-00a1-4db6-8265-d65fe4c1714d (RFC: GBE2302249G5) - Estado: polling
SAT Status: 2
[Runner] Procesando Request ad996b6b-00a1-4db6-8265-d65fe4c1714d (RFC: GBE2302249G5) - Estado: polling
SAT Status: 2
[Runner] Procesando Request ad996b6b-00a1-4db6-8265-d65fe4c1714d (RFC: GBE2302249G5) - Estado: polling
SAT Status: 2
[Runner] Procesando Request ad996b6b-00a1-4db6-8265-d65fe4c1714d (RFC: GBE2302249G5) - Estado: polling
SAT Status: 2
[Runner] Procesando Request ad996b6b-00a1-4db6-8265-d65fe4c1714d (RFC: GBE2302249G5) - Estado: polling
SAT Status: 2
[Runner] Procesando Request ad996b6b-00a1-4db6-8265-d65fe4c1714d (RFC: GBE2302249G5) - Estado: polling
SAT Status: 2
[Runner] Procesando Request ad996b6b-00a1-4db6-8265-d65fe4c1714d (RFC: GBE2302249G5) - Estado: polling
SAT Status: 2
[Runner] Procesando Request ad996b6b-00a1-4db6-8265-d65fe4c1714d (RFC: GBE2302249G5) - Estado: polling
SAT Status: 2
[Runner] Procesando Request ad996b6b-00a1-4db6-8265-d65fe4c1714d (RFC: GBE2302249G5) - Estado: polling
SAT Status: 2
[Runner] Procesando Request dc1070d0-b27c-4838-97d4-0b43188d2b17 (RFC: AATN430301MQ0) - Estado: polling
SAT Status: 2
[Runner] Procesando Request 91852f42-048e-411e-b4b4-269fca9d3f1e (RFC: AATN430301MQ0) - Estado: polling
SAT Status: 2
[Runner] Procesando Request 33284536-21e7-4439-8afb-0e1eab71d218 (RFC: GBE2302249G5) - Estado: downloading
Descargando paquete E109A9DD-D0A6-4BC6-8252-7CC60B860EB7_01...
Descomprimiendo en: /var/www/storage/app/sat/downloads/GBE2302249G5/e109a9dd-d0a6-4bc6-8252-7cc60b860eb7/extracted_E109A9DD-D0A6-4BC6-8252-7CC60B860EB7_01
¡ÉXITO! Paquete descomprimido con ZipArchive. Archivos: 3
Iniciando extracción STANDARD...
Procesamiento finalizado. Total XMLs en BD: 0
[Runner] Procesando Request ad996b6b-00a1-4db6-8265-d65fe4c1714d (RFC: GBE2302249G5) - Estado: polling
SAT Status: 3
¡Paquetes listos! IDs: 259C5496-A7D1-4829-BD64-771A7D6EEBD0_01
[Runner] Procesando Request dc1070d0-b27c-4838-97d4-0b43188d2b17 (RFC: AATN430301MQ0) - Estado: polling
SAT Status: 2
[Runner] Procesando Request 91852f42-048e-411e-b4b4-269fca9d3f1e (RFC: AATN430301MQ0) - Estado: polling
SAT Status: 2
[Runner] Procesando Request dc1070d0-b27c-4838-97d4-0b43188d2b17 (RFC: AATN430301MQ0) - Estado: polling
SAT Status: 2
[Runner] Procesando Request 91852f42-048e-411e-b4b4-269fca9d3f1e (RFC: AATN430301MQ0) - Estado: polling
SAT Status: 2
[Runner] Procesando Request ad996b6b-00a1-4db6-8265-d65fe4c1714d (RFC: GBE2302249G5) - Estado: downloading
Descargando paquete 259C5496-A7D1-4829-BD64-771A7D6EEBD0_01...
Descomprimiendo en: /var/www/storage/app/sat/downloads/GBE2302249G5/259c5496-a7d1-4829-bd64-771a7d6eebd0/extracted_259C5496-A7D1-4829-BD64-771A7D6EEBD0_01
¡ÉXITO! Paquete descomprimido con ZipArchive. Archivos: 372
Iniciando extracción STANDARD...
Procesamiento finalizado. Total XMLs en BD: 0
[Runner] Procesando Request dc1070d0-b27c-4838-97d4-0b43188d2b17 (RFC: AATN430301MQ0) - Estado: polling
SAT Status: 2
[Runner] Procesando Request 91852f42-048e-411e-b4b4-269fca9d3f1e (RFC: AATN430301MQ0) - Estado: polling
SAT Status: 2
[Runner] Procesando Request dc1070d0-b27c-4838-97d4-0b43188d2b17 (RFC: AATN430301MQ0) - Estado: polling
SAT Status: 2
[Runner] Procesando Request 91852f42-048e-411e-b4b4-269fca9d3f1e (RFC: AATN430301MQ0) - Estado: polling
SAT Status: 2
[Runner] Procesando Request dc1070d0-b27c-4838-97d4-0b43188d2b17 (RFC: AATN430301MQ0) - Estado: polling
SAT Status: 2
[Runner] Procesando Request 91852f42-048e-411e-b4b4-269fca9d3f1e (RFC: AATN430301MQ0) - Estado: polling
SAT Status: 2
[Runner] Procesando Request dc1070d0-b27c-4838-97d4-0b43188d2b17 (RFC: AATN430301MQ0) - Estado: polling
SAT Status: 2
[Runner] Procesando Request 91852f42-048e-411e-b4b4-269fca9d3f1e (RFC: AATN430301MQ0) - Estado: polling
SAT Status: 2
[Runner] Procesando Request dc1070d0-b27c-4838-97d4-0b43188d2b17 (RFC: AATN430301MQ0) - Estado: polling
SAT Status: 2
[Runner] Procesando Request 91852f42-048e-411e-b4b4-269fca9d3f1e (RFC: AATN430301MQ0) - Estado: polling
SAT Status: 2
[Runner] Procesando Request dc1070d0-b27c-4838-97d4-0b43188d2b17 (RFC: AATN430301MQ0) - Estado: polling
SAT Status: 2
[Runner] Procesando Request 91852f42-048e-411e-b4b4-269fca9d3f1e (RFC: AATN430301MQ0) - Estado: polling
SAT Status: 2
[Runner] Procesando Request dc1070d0-b27c-4838-97d4-0b43188d2b17 (RFC: AATN430301MQ0) - Estado: polling
SAT Status: 2
[Runner] Procesando Request 91852f42-048e-411e-b4b4-269fca9d3f1e (RFC: AATN430301MQ0) - Estado: polling
SAT Status: 2
[Runner] Procesando Request dc1070d0-b27c-4838-97d4-0b43188d2b17 (RFC: AATN430301MQ0) - Estado: polling
SAT Status: 2
[Runner] Procesando Request 91852f42-048e-411e-b4b4-269fca9d3f1e (RFC: AATN430301MQ0) - Estado: polling
SAT Status: 2
[Runner] Procesando Request dc1070d0-b27c-4838-97d4-0b43188d2b17 (RFC: AATN430301MQ0) - Estado: polling
SAT Status: 2
[Runner] Procesando Request 91852f42-048e-411e-b4b4-269fca9d3f1e (RFC: AATN430301MQ0) - Estado: polling
SAT Status: 2
[Runner] Procesando Request dc1070d0-b27c-4838-97d4-0b43188d2b17 (RFC: AATN430301MQ0) - Estado: polling
SAT Status: 2
[Runner] Procesando Request 91852f42-048e-411e-b4b4-269fca9d3f1e (RFC: AATN430301MQ0) - Estado: polling
SAT Status: 2
[Runner] Procesando Request dc1070d0-b27c-4838-97d4-0b43188d2b17 (RFC: AATN430301MQ0) - Estado: polling
SAT Status: 2
[Runner] Procesando Request 91852f42-048e-411e-b4b4-269fca9d3f1e (RFC: AATN430301MQ0) - Estado: polling
SAT Status: 2
[Runner] Procesando Request dc1070d0-b27c-4838-97d4-0b43188d2b17 (RFC: AATN430301MQ0) - Estado: polling
SAT Status: 2
[Runner] Procesando Request 91852f42-048e-411e-b4b4-269fca9d3f1e (RFC: AATN430301MQ0) - Estado: polling
SAT Status: 2
[Runner] Procesando Request dc1070d0-b27c-4838-97d4-0b43188d2b17 (RFC: AATN430301MQ0) - Estado: polling
SAT Status: 2
[Runner] Procesando Request 91852f42-048e-411e-b4b4-269fca9d3f1e (RFC: AATN430301MQ0) - Estado: polling
SAT Status: 2
[Runner] Procesando Request dc1070d0-b27c-4838-97d4-0b43188d2b17 (RFC: AATN430301MQ0) - Estado: polling
SAT Status: 2
[Runner] Procesando Request 91852f42-048e-411e-b4b4-269fca9d3f1e (RFC: AATN430301MQ0) - Estado: polling
SAT Status: 2
[Runner] Procesando Request dc1070d0-b27c-4838-97d4-0b43188d2b17 (RFC: AATN430301MQ0) - Estado: polling
SAT Status: 2
[Runner] Procesando Request 91852f42-048e-411e-b4b4-269fca9d3f1e (RFC: AATN430301MQ0) - Estado: polling
SAT Status: 2
[Runner] Procesando Request dc1070d0-b27c-4838-97d4-0b43188d2b17 (RFC: AATN430301MQ0) - Estado: polling
SAT Status: 2
[Runner] Procesando Request 91852f42-048e-411e-b4b4-269fca9d3f1e (RFC: AATN430301MQ0) - Estado: polling
SAT Status: 2
[Runner] Procesando Request dc1070d0-b27c-4838-97d4-0b43188d2b17 (RFC: AATN430301MQ0) - Estado: polling
SAT Status: 2
[Runner] Procesando Request 91852f42-048e-411e-b4b4-269fca9d3f1e (RFC: AATN430301MQ0) - Estado: polling
SAT Status: 2
[Runner] Procesando Request dc1070d0-b27c-4838-97d4-0b43188d2b17 (RFC: AATN430301MQ0) - Estado: polling
SAT Status: 2
[Runner] Procesando Request 91852f42-048e-411e-b4b4-269fca9d3f1e (RFC: AATN430301MQ0) - Estado: polling
SAT Status: 2
Iniciando SAT Runner... (VERSION FINALISIMA v2)
[Runner] Procesando Request 91852f42-048e-411e-b4b4-269fca9d3f1e (RFC: AATN430301MQ0) - Estado: polling
SAT Status: 2
[Runner] Procesando Request 91852f42-048e-411e-b4b4-269fca9d3f1e (RFC: AATN430301MQ0) - Estado: polling
SAT Status: 2
[Runner] Procesando Request 91852f42-048e-411e-b4b4-269fca9d3f1e (RFC: AATN430301MQ0) - Estado: polling
SAT Status: 2
[Runner] Procesando Request dc1070d0-b27c-4838-97d4-0b43188d2b17 (RFC: AATN430301MQ0) - Estado: polling
SAT Status: 2
[Runner] Procesando Request 91852f42-048e-411e-b4b4-269fca9d3f1e (RFC: AATN430301MQ0) - Estado: polling
SAT Status: 2
[Runner] Procesando Request dc1070d0-b27c-4838-97d4-0b43188d2b17 (RFC: AATN430301MQ0) - Estado: polling
SAT Status: 2
[Runner] Procesando Request 91852f42-048e-411e-b4b4-269fca9d3f1e (RFC: AATN430301MQ0) - Estado: polling
SAT Status: 2
[Runner] Procesando Request dc1070d0-b27c-4838-97d4-0b43188d2b17 (RFC: AATN430301MQ0) - Estado: polling
SAT Status: 2
[Runner] Procesando Request 91852f42-048e-411e-b4b4-269fca9d3f1e (RFC: AATN430301MQ0) - Estado: polling
SAT Status: 2
[Runner] Procesando Request dc1070d0-b27c-4838-97d4-0b43188d2b17 (RFC: AATN430301MQ0) - Estado: polling
SAT Status: 2
[Runner] Procesando Request 91852f42-048e-411e-b4b4-269fca9d3f1e (RFC: AATN430301MQ0) - Estado: polling
SAT Status: 2
[Runner] Procesando Request dc1070d0-b27c-4838-97d4-0b43188d2b17 (RFC: AATN430301MQ0) - Estado: polling
SAT Status: 3
¡Paquetes listos! IDs: E4252B2B-1066-4C90-972D-8BA65339A6F4_01
[Runner] Procesando Request 91852f42-048e-411e-b4b4-269fca9d3f1e (RFC: AATN430301MQ0) - Estado: polling
SAT Status: 3
¡Paquetes listos! IDs: A82F10A9-796B-4724-87FE-13B2FDF7DEFD_01
Iniciando SAT Runner... (VERSION FINALISIMA v2)
Iniciando SAT Runner... (VERSION FINALISIMA v2)
[Runner] Procesando Request 1d1ada39-0620-4096-ba61-60869a78c057 (RFC: GBE2302249G5) - Estado: polling
SAT Status: 2
[Runner] Procesando Request 9b5dad37-b309-4b8e-ac19-f9c7b75c7e85 (RFC: GBE2302249G5) - Estado: polling
SAT Status: 2
[Runner] Procesando Request 1d1ada39-0620-4096-ba61-60869a78c057 (RFC: GBE2302249G5) - Estado: polling
SAT Status: 2
[Runner] Procesando Request 9b5dad37-b309-4b8e-ac19-f9c7b75c7e85 (RFC: GBE2302249G5) - Estado: polling
SAT Status: 2
[Runner] Procesando Request 1d1ada39-0620-4096-ba61-60869a78c057 (RFC: GBE2302249G5) - Estado: polling
SAT Status: 2
[Runner] Procesando Request 9b5dad37-b309-4b8e-ac19-f9c7b75c7e85 (RFC: GBE2302249G5) - Estado: polling
SAT Status: 2
[Runner] Procesando Request 1d1ada39-0620-4096-ba61-60869a78c057 (RFC: GBE2302249G5) - Estado: polling
SAT Status: 2
[Runner] Procesando Request 9b5dad37-b309-4b8e-ac19-f9c7b75c7e85 (RFC: GBE2302249G5) - Estado: polling
SAT Status: 2
[Runner] Procesando Request 1d1ada39-0620-4096-ba61-60869a78c057 (RFC: GBE2302249G5) - Estado: polling
SAT Status: 2
[Runner] Procesando Request 9b5dad37-b309-4b8e-ac19-f9c7b75c7e85 (RFC: GBE2302249G5) - Estado: polling
SAT Status: 2
[Runner] Procesando Request 1d1ada39-0620-4096-ba61-60869a78c057 (RFC: GBE2302249G5) - Estado: polling
SAT Status: 2
[Runner] Procesando Request 9b5dad37-b309-4b8e-ac19-f9c7b75c7e85 (RFC: GBE2302249G5) - Estado: polling
SAT Status: 2
[Runner] Procesando Request 1d1ada39-0620-4096-ba61-60869a78c057 (RFC: GBE2302249G5) - Estado: polling
SAT Status: 2
[Runner] Procesando Request 9b5dad37-b309-4b8e-ac19-f9c7b75c7e85 (RFC: GBE2302249G5) - Estado: polling
SAT Status: 2
[Runner] Procesando Request 1d1ada39-0620-4096-ba61-60869a78c057 (RFC: GBE2302249G5) - Estado: polling
SAT Status: 2
[Runner] Procesando Request 9b5dad37-b309-4b8e-ac19-f9c7b75c7e85 (RFC: GBE2302249G5) - Estado: polling
SAT Status: 2
[Runner] Procesando Request 0ef0bfc4-a2c1-4e60-90b3-4f9b542f0ac6 (RFC: NUAB740223HQ8) - Estado: polling
SAT Status: 2
[Runner] Procesando Request 88ea559d-978f-43ac-a773-ae9ee4205972 (RFC: NUAB740223HQ8) - Estado: polling
SAT Status: 2
[Runner] Procesando Request 1d1ada39-0620-4096-ba61-60869a78c057 (RFC: GBE2302249G5) - Estado: polling
SAT Status: 2
[Runner] Procesando Request 9b5dad37-b309-4b8e-ac19-f9c7b75c7e85 (RFC: GBE2302249G5) - Estado: polling
SAT Status: 2
[Runner] Procesando Request 0ef0bfc4-a2c1-4e60-90b3-4f9b542f0ac6 (RFC: NUAB740223HQ8) - Estado: polling
SAT Status: 2
[Runner] Procesando Request 88ea559d-978f-43ac-a773-ae9ee4205972 (RFC: NUAB740223HQ8) - Estado: polling
SAT Status: 2
[Runner] Procesando Request 1d1ada39-0620-4096-ba61-60869a78c057 (RFC: GBE2302249G5) - Estado: polling
SAT Status: 2
[Runner] Procesando Request 9b5dad37-b309-4b8e-ac19-f9c7b75c7e85 (RFC: GBE2302249G5) - Estado: polling
SAT Status: 2
[Runner] Procesando Request 0ef0bfc4-a2c1-4e60-90b3-4f9b542f0ac6 (RFC: NUAB740223HQ8) - Estado: polling
SAT Status: 2
[Runner] Procesando Request 88ea559d-978f-43ac-a773-ae9ee4205972 (RFC: NUAB740223HQ8) - Estado: polling
SAT Status: 2
[Runner] Procesando Request 1d1ada39-0620-4096-ba61-60869a78c057 (RFC: GBE2302249G5) - Estado: polling
SAT Status: 2
[Runner] Procesando Request 9b5dad37-b309-4b8e-ac19-f9c7b75c7e85 (RFC: GBE2302249G5) - Estado: polling
SAT Status: 2
[Runner] Procesando Request 0ef0bfc4-a2c1-4e60-90b3-4f9b542f0ac6 (RFC: NUAB740223HQ8) - Estado: polling
SAT Status: 2
[Runner] Procesando Request 88ea559d-978f-43ac-a773-ae9ee4205972 (RFC: NUAB740223HQ8) - Estado: polling
SAT Status: 2
[Runner] Procesando Request 1d1ada39-0620-4096-ba61-60869a78c057 (RFC: GBE2302249G5) - Estado: polling
SAT Status: 2
[Runner] Procesando Request 9b5dad37-b309-4b8e-ac19-f9c7b75c7e85 (RFC: GBE2302249G5) - Estado: polling
SAT Status: 2
[Runner] Procesando Request 0ef0bfc4-a2c1-4e60-90b3-4f9b542f0ac6 (RFC: NUAB740223HQ8) - Estado: polling
SAT Status: 2
[Runner] Procesando Request 88ea559d-978f-43ac-a773-ae9ee4205972 (RFC: NUAB740223HQ8) - Estado: polling
SAT Status: 2
[Runner] Procesando Request 1d1ada39-0620-4096-ba61-60869a78c057 (RFC: GBE2302249G5) - Estado: polling
SAT Status: 2
[Runner] Procesando Request 9b5dad37-b309-4b8e-ac19-f9c7b75c7e85 (RFC: GBE2302249G5) - Estado: polling
SAT Status: 2
[Runner] Procesando Request 0ef0bfc4-a2c1-4e60-90b3-4f9b542f0ac6 (RFC: NUAB740223HQ8) - Estado: polling
SAT Status: 2
[Runner] Procesando Request 88ea559d-978f-43ac-a773-ae9ee4205972 (RFC: NUAB740223HQ8) - Estado: polling
SAT Status: 2
[Runner] Procesando Request 1d1ada39-0620-4096-ba61-60869a78c057 (RFC: GBE2302249G5) - Estado: polling
SAT Status: 2
[Runner] Procesando Request 9b5dad37-b309-4b8e-ac19-f9c7b75c7e85 (RFC: GBE2302249G5) - Estado: polling
SAT Status: 2
[Runner] Procesando Request 0ef0bfc4-a2c1-4e60-90b3-4f9b542f0ac6 (RFC: NUAB740223HQ8) - Estado: polling
SAT Status: 2
[Runner] Procesando Request 88ea559d-978f-43ac-a773-ae9ee4205972 (RFC: NUAB740223HQ8) - Estado: polling
SAT Status: 2
[Runner] Procesando Request 1d1ada39-0620-4096-ba61-60869a78c057 (RFC: GBE2302249G5) - Estado: polling
SAT Status: 2
[Runner] Procesando Request 9b5dad37-b309-4b8e-ac19-f9c7b75c7e85 (RFC: GBE2302249G5) - Estado: polling
SAT Status: 2
[Runner] Procesando Request 0ef0bfc4-a2c1-4e60-90b3-4f9b542f0ac6 (RFC: NUAB740223HQ8) - Estado: polling
SAT Status: 2
[Runner] Procesando Request 88ea559d-978f-43ac-a773-ae9ee4205972 (RFC: NUAB740223HQ8) - Estado: polling
SAT Status: 2
[Runner] Procesando Request 1d1ada39-0620-4096-ba61-60869a78c057 (RFC: GBE2302249G5) - Estado: polling
SAT Status: 2
[Runner] Procesando Request 9b5dad37-b309-4b8e-ac19-f9c7b75c7e85 (RFC: GBE2302249G5) - Estado: polling
SAT Status: 2
[Runner] Procesando Request 0ef0bfc4-a2c1-4e60-90b3-4f9b542f0ac6 (RFC: NUAB740223HQ8) - Estado: polling
SAT Status: 2
[Runner] Procesando Request 88ea559d-978f-43ac-a773-ae9ee4205972 (RFC: NUAB740223HQ8) - Estado: polling
SAT Status: 2
[Runner] Procesando Request 1d1ada39-0620-4096-ba61-60869a78c057 (RFC: GBE2302249G5) - Estado: polling
SAT Status: 2
[Runner] Procesando Request 9b5dad37-b309-4b8e-ac19-f9c7b75c7e85 (RFC: GBE2302249G5) - Estado: polling
SAT Status: 2
[Runner] Procesando Request 0ef0bfc4-a2c1-4e60-90b3-4f9b542f0ac6 (RFC: NUAB740223HQ8) - Estado: polling
SAT Status: 2
[Runner] Procesando Request 88ea559d-978f-43ac-a773-ae9ee4205972 (RFC: NUAB740223HQ8) - Estado: polling
SAT Status: 2
[Runner] Procesando Request 1d1ada39-0620-4096-ba61-60869a78c057 (RFC: GBE2302249G5) - Estado: polling
SAT Status: 2
[Runner] Procesando Request 9b5dad37-b309-4b8e-ac19-f9c7b75c7e85 (RFC: GBE2302249G5) - Estado: polling
SAT Status: 2
[Runner] Procesando Request 0ef0bfc4-a2c1-4e60-90b3-4f9b542f0ac6 (RFC: NUAB740223HQ8) - Estado: polling
SAT Status: 2
[Runner] Procesando Request 88ea559d-978f-43ac-a773-ae9ee4205972 (RFC: NUAB740223HQ8) - Estado: polling
SAT Status: 2
[Runner] Procesando Request 1d1ada39-0620-4096-ba61-60869a78c057 (RFC: GBE2302249G5) - Estado: polling
SAT Status: 2
[Runner] Procesando Request 9b5dad37-b309-4b8e-ac19-f9c7b75c7e85 (RFC: GBE2302249G5) - Estado: polling
SAT Status: 2
[Runner] Procesando Request 0ef0bfc4-a2c1-4e60-90b3-4f9b542f0ac6 (RFC: NUAB740223HQ8) - Estado: polling
SAT Status: 2
[Runner] Procesando Request 88ea559d-978f-43ac-a773-ae9ee4205972 (RFC: NUAB740223HQ8) - Estado: polling
SAT Status: 2
[Runner] Procesando Request 1d1ada39-0620-4096-ba61-60869a78c057 (RFC: GBE2302249G5) - Estado: polling
SAT Status: 2
[Runner] Procesando Request 9b5dad37-b309-4b8e-ac19-f9c7b75c7e85 (RFC: GBE2302249G5) - Estado: polling
SAT Status: 2
[Runner] Procesando Request 0ef0bfc4-a2c1-4e60-90b3-4f9b542f0ac6 (RFC: NUAB740223HQ8) - Estado: polling
SAT Status: 2
[Runner] Procesando Request 88ea559d-978f-43ac-a773-ae9ee4205972 (RFC: NUAB740223HQ8) - Estado: polling
SAT Status: 2
[Runner] Procesando Request 0ef0bfc4-a2c1-4e60-90b3-4f9b542f0ac6 (RFC: NUAB740223HQ8) - Estado: polling
SAT Status: 2
[Runner] Procesando Request 88ea559d-978f-43ac-a773-ae9ee4205972 (RFC: NUAB740223HQ8) - Estado: polling
SAT Status: 2
[Runner] Procesando Request 9b5dad37-b309-4b8e-ac19-f9c7b75c7e85 (RFC: GBE2302249G5) - Estado: polling
SAT Status: 2
[Runner] Procesando Request 0ef0bfc4-a2c1-4e60-90b3-4f9b542f0ac6 (RFC: NUAB740223HQ8) - Estado: polling
SAT Status: 2
[Runner] Procesando Request 88ea559d-978f-43ac-a773-ae9ee4205972 (RFC: NUAB740223HQ8) - Estado: polling
SAT Status: 2
[Runner] Procesando Request 9b5dad37-b309-4b8e-ac19-f9c7b75c7e85 (RFC: GBE2302249G5) - Estado: polling
[Error] Fallo al verificar: Error no controlado.
[Runner] Procesando Request 0ef0bfc4-a2c1-4e60-90b3-4f9b542f0ac6 (RFC: NUAB740223HQ8) - Estado: polling
SAT Status: 2
[Runner] Procesando Request 88ea559d-978f-43ac-a773-ae9ee4205972 (RFC: NUAB740223HQ8) - Estado: polling
SAT Status: 2
[Runner] Procesando Request 9b5dad37-b309-4b8e-ac19-f9c7b75c7e85 (RFC: GBE2302249G5) - Estado: polling
SAT Status: 2
[Runner] Procesando Request 0ef0bfc4-a2c1-4e60-90b3-4f9b542f0ac6 (RFC: NUAB740223HQ8) - Estado: polling
SAT Status: 2
[Runner] Procesando Request 88ea559d-978f-43ac-a773-ae9ee4205972 (RFC: NUAB740223HQ8) - Estado: polling
SAT Status: 2
[Runner] Procesando Request 9b5dad37-b309-4b8e-ac19-f9c7b75c7e85 (RFC: GBE2302249G5) - Estado: polling
SAT Status: 2
[Runner] Procesando Request 0ef0bfc4-a2c1-4e60-90b3-4f9b542f0ac6 (RFC: NUAB740223HQ8) - Estado: polling
SAT Status: 2
[Runner] Procesando Request 88ea559d-978f-43ac-a773-ae9ee4205972 (RFC: NUAB740223HQ8) - Estado: polling
SAT Status: 2
[Runner] Procesando Request 9b5dad37-b309-4b8e-ac19-f9c7b75c7e85 (RFC: GBE2302249G5) - Estado: polling
SAT Status: 2
[Runner] Procesando Request 0ef0bfc4-a2c1-4e60-90b3-4f9b542f0ac6 (RFC: NUAB740223HQ8) - Estado: polling
SAT Status: 2
[Runner] Procesando Request 88ea559d-978f-43ac-a773-ae9ee4205972 (RFC: NUAB740223HQ8) - Estado: polling
SAT Status: 2
[Runner] Procesando Request 1d1ada39-0620-4096-ba61-60869a78c057 (RFC: GBE2302249G5) - Estado: polling
SAT Status: 2
[Runner] Procesando Request 9b5dad37-b309-4b8e-ac19-f9c7b75c7e85 (RFC: GBE2302249G5) - Estado: polling
SAT Status: 2
[Runner] Procesando Request 0ef0bfc4-a2c1-4e60-90b3-4f9b542f0ac6 (RFC: NUAB740223HQ8) - Estado: polling
SAT Status: 2
[Runner] Procesando Request 88ea559d-978f-43ac-a773-ae9ee4205972 (RFC: NUAB740223HQ8) - Estado: polling
SAT Status: 2
[Runner] Procesando Request 1d1ada39-0620-4096-ba61-60869a78c057 (RFC: GBE2302249G5) - Estado: polling
SAT Status: 2
[Runner] Procesando Request 9b5dad37-b309-4b8e-ac19-f9c7b75c7e85 (RFC: GBE2302249G5) - Estado: polling
SAT Status: 2
[Runner] Procesando Request 0ef0bfc4-a2c1-4e60-90b3-4f9b542f0ac6 (RFC: NUAB740223HQ8) - Estado: polling
SAT Status: 2
[Runner] Procesando Request 88ea559d-978f-43ac-a773-ae9ee4205972 (RFC: NUAB740223HQ8) - Estado: polling
SAT Status: 2
[Runner] Procesando Request 1d1ada39-0620-4096-ba61-60869a78c057 (RFC: GBE2302249G5) - Estado: polling
SAT Status: 2
[Runner] Procesando Request 9b5dad37-b309-4b8e-ac19-f9c7b75c7e85 (RFC: GBE2302249G5) - Estado: polling
SAT Status: 2
[Runner] Procesando Request 0ef0bfc4-a2c1-4e60-90b3-4f9b542f0ac6 (RFC: NUAB740223HQ8) - Estado: polling
SAT Status: 2
[Runner] Procesando Request 88ea559d-978f-43ac-a773-ae9ee4205972 (RFC: NUAB740223HQ8) - Estado: polling
SAT Status: 2
[Runner] Procesando Request 1d1ada39-0620-4096-ba61-60869a78c057 (RFC: GBE2302249G5) - Estado: polling
SAT Status: 2
[Runner] Procesando Request 9b5dad37-b309-4b8e-ac19-f9c7b75c7e85 (RFC: GBE2302249G5) - Estado: polling
SAT Status: 2
[Runner] Procesando Request 0ef0bfc4-a2c1-4e60-90b3-4f9b542f0ac6 (RFC: NUAB740223HQ8) - Estado: polling
SAT Status: 2
[Runner] Procesando Request 88ea559d-978f-43ac-a773-ae9ee4205972 (RFC: NUAB740223HQ8) - Estado: polling
SAT Status: 2
[Runner] Procesando Request 1d1ada39-0620-4096-ba61-60869a78c057 (RFC: GBE2302249G5) - Estado: polling
SAT Status: 2
[Runner] Procesando Request 9b5dad37-b309-4b8e-ac19-f9c7b75c7e85 (RFC: GBE2302249G5) - Estado: polling
SAT Status: 2
[Runner] Procesando Request 0ef0bfc4-a2c1-4e60-90b3-4f9b542f0ac6 (RFC: NUAB740223HQ8) - Estado: polling
SAT Status: 2
[Runner] Procesando Request 88ea559d-978f-43ac-a773-ae9ee4205972 (RFC: NUAB740223HQ8) - Estado: polling
SAT Status: 2
[Runner] Procesando Request 1d1ada39-0620-4096-ba61-60869a78c057 (RFC: GBE2302249G5) - Estado: polling
SAT Status: 2
[Runner] Procesando Request 9b5dad37-b309-4b8e-ac19-f9c7b75c7e85 (RFC: GBE2302249G5) - Estado: polling
SAT Status: 2
[Runner] Procesando Request 0ef0bfc4-a2c1-4e60-90b3-4f9b542f0ac6 (RFC: NUAB740223HQ8) - Estado: polling
SAT Status: 2
[Runner] Procesando Request 88ea559d-978f-43ac-a773-ae9ee4205972 (RFC: NUAB740223HQ8) - Estado: polling
SAT Status: 2
[Runner] Procesando Request 1d1ada39-0620-4096-ba61-60869a78c057 (RFC: GBE2302249G5) - Estado: polling
SAT Status: 2
[Runner] Procesando Request 9b5dad37-b309-4b8e-ac19-f9c7b75c7e85 (RFC: GBE2302249G5) - Estado: polling
SAT Status: 2
[Runner] Procesando Request 0ef0bfc4-a2c1-4e60-90b3-4f9b542f0ac6 (RFC: NUAB740223HQ8) - Estado: polling
SAT Status: 2
[Runner] Procesando Request 88ea559d-978f-43ac-a773-ae9ee4205972 (RFC: NUAB740223HQ8) - Estado: polling
SAT Status: 2
[Runner] Procesando Request 1d1ada39-0620-4096-ba61-60869a78c057 (RFC: GBE2302249G5) - Estado: polling
SAT Status: 3
¡Paquetes listos! IDs: D6F40A5D-C94D-40B7-8AC7-F7BBC14D8EF5_01
[Runner] Procesando Request 9b5dad37-b309-4b8e-ac19-f9c7b75c7e85 (RFC: GBE2302249G5) - Estado: polling
SAT Status: 3
¡Paquetes listos! IDs: 710A5E1B-180C-4250-81CF-0E9A9AEE551A_01
[Runner] Procesando Request 0ef0bfc4-a2c1-4e60-90b3-4f9b542f0ac6 (RFC: NUAB740223HQ8) - Estado: polling
SAT Status: 2
[Runner] Procesando Request 88ea559d-978f-43ac-a773-ae9ee4205972 (RFC: NUAB740223HQ8) - Estado: polling
SAT Status: 2
[Runner] Procesando Request 0ef0bfc4-a2c1-4e60-90b3-4f9b542f0ac6 (RFC: NUAB740223HQ8) - Estado: polling
SAT Status: 2
[Runner] Procesando Request 88ea559d-978f-43ac-a773-ae9ee4205972 (RFC: NUAB740223HQ8) - Estado: polling
SAT Status: 2
[Runner] Procesando Request 0ef0bfc4-a2c1-4e60-90b3-4f9b542f0ac6 (RFC: NUAB740223HQ8) - Estado: polling
SAT Status: 2
[Runner] Procesando Request 88ea559d-978f-43ac-a773-ae9ee4205972 (RFC: NUAB740223HQ8) - Estado: polling
SAT Status: 2
[Runner] Procesando Request 0ef0bfc4-a2c1-4e60-90b3-4f9b542f0ac6 (RFC: NUAB740223HQ8) - Estado: polling
SAT Status: 2
[Runner] Procesando Request 88ea559d-978f-43ac-a773-ae9ee4205972 (RFC: NUAB740223HQ8) - Estado: polling
SAT Status: 2
[Runner] Procesando Request 0ef0bfc4-a2c1-4e60-90b3-4f9b542f0ac6 (RFC: NUAB740223HQ8) - Estado: polling
SAT Status: 2
[Runner] Procesando Request 88ea559d-978f-43ac-a773-ae9ee4205972 (RFC: NUAB740223HQ8) - Estado: polling
SAT Status: 2
[Runner] Procesando Request 0ef0bfc4-a2c1-4e60-90b3-4f9b542f0ac6 (RFC: NUAB740223HQ8) - Estado: polling
SAT Status: 2
[Runner] Procesando Request 88ea559d-978f-43ac-a773-ae9ee4205972 (RFC: NUAB740223HQ8) - Estado: polling
SAT Status: 2
[Runner] Procesando Request 0ef0bfc4-a2c1-4e60-90b3-4f9b542f0ac6 (RFC: NUAB740223HQ8) - Estado: polling
SAT Status: 2
[Runner] Procesando Request 88ea559d-978f-43ac-a773-ae9ee4205972 (RFC: NUAB740223HQ8) - Estado: polling
SAT Status: 2
[Runner] Procesando Request 0ef0bfc4-a2c1-4e60-90b3-4f9b542f0ac6 (RFC: NUAB740223HQ8) - Estado: polling
SAT Status: 2
[Runner] Procesando Request 88ea559d-978f-43ac-a773-ae9ee4205972 (RFC: NUAB740223HQ8) - Estado: polling
SAT Status: 2
[Runner] Procesando Request 0ef0bfc4-a2c1-4e60-90b3-4f9b542f0ac6 (RFC: NUAB740223HQ8) - Estado: polling
SAT Status: 2
[Runner] Procesando Request 88ea559d-978f-43ac-a773-ae9ee4205972 (RFC: NUAB740223HQ8) - Estado: polling
SAT Status: 2
[Runner] Procesando Request 0ef0bfc4-a2c1-4e60-90b3-4f9b542f0ac6 (RFC: NUAB740223HQ8) - Estado: polling
SAT Status: 3
¡Paquetes listos! IDs: F35218B8-A354-4AB2-8116-275C085E9FBA_01
[Runner] Procesando Request 88ea559d-978f-43ac-a773-ae9ee4205972 (RFC: NUAB740223HQ8) - Estado: polling
SAT Status: 2
[Runner] Procesando Request 88ea559d-978f-43ac-a773-ae9ee4205972 (RFC: NUAB740223HQ8) - Estado: polling
SAT Status: 3
¡Paquetes listos! IDs: 3E8C5E99-8510-41CB-A346-DB97951E27FB_01
[Runner] Procesando Request c022fa30-4198-43a4-90f9-a3f6bdb12e49 (RFC: ROBL8205181B2) - Estado: created
Solicitud creada en SAT: 96340f0b-704d-41d9-929b-cb088cf2c88f
[Runner] Procesando Request 9a2c2b61-80ec-44d3-9b18-b6e71e2a3c88 (RFC: ROBL8205181B2) - Estado: created
Solicitud creada en SAT: ac33a2ce-2be1-49c7-bfb3-00bdc04ac260
[Runner] Procesando Request 9a2c2b61-80ec-44d3-9b18-b6e71e2a3c88 (RFC: ROBL8205181B2) - Estado: polling
SAT Status: 2
[Runner] Procesando Request c022fa30-4198-43a4-90f9-a3f6bdb12e49 (RFC: ROBL8205181B2) - Estado: polling
SAT Status: 2
[Runner] Procesando Request 9a2c2b61-80ec-44d3-9b18-b6e71e2a3c88 (RFC: ROBL8205181B2) - Estado: polling
SAT Status: 2
[Runner] Procesando Request c022fa30-4198-43a4-90f9-a3f6bdb12e49 (RFC: ROBL8205181B2) - Estado: polling
SAT Status: 2
[Runner] Procesando Request 9a2c2b61-80ec-44d3-9b18-b6e71e2a3c88 (RFC: ROBL8205181B2) - Estado: polling
SAT Status: 2
[Runner] Procesando Request 2ced02fe-862b-49e6-b831-bcb19e027594 (RFC: OAEJ811022733) - Estado: created
Solicitud creada en SAT: 2873f41c-75ef-458d-9333-0b4c5fcad38a
[Runner] Procesando Request aab34396-795d-4a28-ace0-54de341a4ed2 (RFC: OAEJ811022733) - Estado: created
Solicitud creada en SAT: ed4b7daa-962e-488b-be96-9fe82f115560
[Runner] Procesando Request c022fa30-4198-43a4-90f9-a3f6bdb12e49 (RFC: ROBL8205181B2) - Estado: polling
SAT Status: 2
[Runner] Procesando Request 9a2c2b61-80ec-44d3-9b18-b6e71e2a3c88 (RFC: ROBL8205181B2) - Estado: polling
SAT Status: 2
[Runner] Procesando Request c022fa30-4198-43a4-90f9-a3f6bdb12e49 (RFC: ROBL8205181B2) - Estado: polling
SAT Status: 2
[Runner] Procesando Request 9a2c2b61-80ec-44d3-9b18-b6e71e2a3c88 (RFC: ROBL8205181B2) - Estado: polling
SAT Status: 2
[Runner] Procesando Request 2ced02fe-862b-49e6-b831-bcb19e027594 (RFC: OAEJ811022733) - Estado: polling
SAT Status: 2
[Runner] Procesando Request aab34396-795d-4a28-ace0-54de341a4ed2 (RFC: OAEJ811022733) - Estado: polling
SAT Status: 2
[Runner] Procesando Request c022fa30-4198-43a4-90f9-a3f6bdb12e49 (RFC: ROBL8205181B2) - Estado: polling
SAT Status: 2
[Runner] Procesando Request 9a2c2b61-80ec-44d3-9b18-b6e71e2a3c88 (RFC: ROBL8205181B2) - Estado: polling
SAT Status: 2
[Runner] Procesando Request 2ced02fe-862b-49e6-b831-bcb19e027594 (RFC: OAEJ811022733) - Estado: polling
SAT Status: 2
[Runner] Procesando Request aab34396-795d-4a28-ace0-54de341a4ed2 (RFC: OAEJ811022733) - Estado: polling
SAT Status: 2
[Runner] Procesando Request c022fa30-4198-43a4-90f9-a3f6bdb12e49 (RFC: ROBL8205181B2) - Estado: polling
SAT Status: 2
[Runner] Procesando Request 9a2c2b61-80ec-44d3-9b18-b6e71e2a3c88 (RFC: ROBL8205181B2) - Estado: polling
SAT Status: 2
[Runner] Procesando Request 2ced02fe-862b-49e6-b831-bcb19e027594 (RFC: OAEJ811022733) - Estado: polling
SAT Status: 2
[Runner] Procesando Request aab34396-795d-4a28-ace0-54de341a4ed2 (RFC: OAEJ811022733) - Estado: polling
SAT Status: 2
[Runner] Procesando Request c022fa30-4198-43a4-90f9-a3f6bdb12e49 (RFC: ROBL8205181B2) - Estado: polling
SAT Status: 2
[Runner] Procesando Request 9a2c2b61-80ec-44d3-9b18-b6e71e2a3c88 (RFC: ROBL8205181B2) - Estado: polling
SAT Status: 2
[Runner] Procesando Request 2ced02fe-862b-49e6-b831-bcb19e027594 (RFC: OAEJ811022733) - Estado: polling
SAT Status: 2
[Runner] Procesando Request aab34396-795d-4a28-ace0-54de341a4ed2 (RFC: OAEJ811022733) - Estado: polling
SAT Status: 2
[Runner] Procesando Request c022fa30-4198-43a4-90f9-a3f6bdb12e49 (RFC: ROBL8205181B2) - Estado: polling
SAT Status: 2
[Runner] Procesando Request 9a2c2b61-80ec-44d3-9b18-b6e71e2a3c88 (RFC: ROBL8205181B2) - Estado: polling
SAT Status: 2
[Runner] Procesando Request 2ced02fe-862b-49e6-b831-bcb19e027594 (RFC: OAEJ811022733) - Estado: polling
SAT Status: 2
[Runner] Procesando Request aab34396-795d-4a28-ace0-54de341a4ed2 (RFC: OAEJ811022733) - Estado: polling
SAT Status: 2
[Runner] Procesando Request c022fa30-4198-43a4-90f9-a3f6bdb12e49 (RFC: ROBL8205181B2) - Estado: polling
SAT Status: 2
[Runner] Procesando Request 9a2c2b61-80ec-44d3-9b18-b6e71e2a3c88 (RFC: ROBL8205181B2) - Estado: polling
SAT Status: 2
[Runner] Procesando Request 2ced02fe-862b-49e6-b831-bcb19e027594 (RFC: OAEJ811022733) - Estado: polling
SAT Status: 2
[Runner] Procesando Request aab34396-795d-4a28-ace0-54de341a4ed2 (RFC: OAEJ811022733) - Estado: polling
SAT Status: 2
[Runner] Procesando Request c022fa30-4198-43a4-90f9-a3f6bdb12e49 (RFC: ROBL8205181B2) - Estado: polling
SAT Status: 2
[Runner] Procesando Request 9a2c2b61-80ec-44d3-9b18-b6e71e2a3c88 (RFC: ROBL8205181B2) - Estado: polling
SAT Status: 2
[Runner] Procesando Request 2ced02fe-862b-49e6-b831-bcb19e027594 (RFC: OAEJ811022733) - Estado: polling
SAT Status: 2
[Runner] Procesando Request aab34396-795d-4a28-ace0-54de341a4ed2 (RFC: OAEJ811022733) - Estado: polling
SAT Status: 2
[Runner] Procesando Request c022fa30-4198-43a4-90f9-a3f6bdb12e49 (RFC: ROBL8205181B2) - Estado: polling
SAT Status: 2
[Runner] Procesando Request 9a2c2b61-80ec-44d3-9b18-b6e71e2a3c88 (RFC: ROBL8205181B2) - Estado: polling
SAT Status: 2
[Runner] Procesando Request 2ced02fe-862b-49e6-b831-bcb19e027594 (RFC: OAEJ811022733) - Estado: polling
SAT Status: 2
[Runner] Procesando Request aab34396-795d-4a28-ace0-54de341a4ed2 (RFC: OAEJ811022733) - Estado: polling
SAT Status: 2
[Runner] Procesando Request c022fa30-4198-43a4-90f9-a3f6bdb12e49 (RFC: ROBL8205181B2) - Estado: polling
SAT Status: 2
[Runner] Procesando Request 9a2c2b61-80ec-44d3-9b18-b6e71e2a3c88 (RFC: ROBL8205181B2) - Estado: polling
SAT Status: 2
[Runner] Procesando Request 2ced02fe-862b-49e6-b831-bcb19e027594 (RFC: OAEJ811022733) - Estado: polling
SAT Status: 2
[Runner] Procesando Request aab34396-795d-4a28-ace0-54de341a4ed2 (RFC: OAEJ811022733) - Estado: polling
SAT Status: 2
[Runner] Procesando Request c022fa30-4198-43a4-90f9-a3f6bdb12e49 (RFC: ROBL8205181B2) - Estado: polling
SAT Status: 2
[Runner] Procesando Request 9a2c2b61-80ec-44d3-9b18-b6e71e2a3c88 (RFC: ROBL8205181B2) - Estado: polling
SAT Status: 2
[Runner] Procesando Request 2ced02fe-862b-49e6-b831-bcb19e027594 (RFC: OAEJ811022733) - Estado: polling
SAT Status: 2
[Runner] Procesando Request aab34396-795d-4a28-ace0-54de341a4ed2 (RFC: OAEJ811022733) - Estado: polling
SAT Status: 2
[Runner] Procesando Request c022fa30-4198-43a4-90f9-a3f6bdb12e49 (RFC: ROBL8205181B2) - Estado: polling
SAT Status: 2
[Runner] Procesando Request 9a2c2b61-80ec-44d3-9b18-b6e71e2a3c88 (RFC: ROBL8205181B2) - Estado: polling
SAT Status: 2
[Runner] Procesando Request 2ced02fe-862b-49e6-b831-bcb19e027594 (RFC: OAEJ811022733) - Estado: polling
SAT Status: 2
[Runner] Procesando Request aab34396-795d-4a28-ace0-54de341a4ed2 (RFC: OAEJ811022733) - Estado: polling
SAT Status: 2
[Runner] Procesando Request 2ced02fe-862b-49e6-b831-bcb19e027594 (RFC: OAEJ811022733) - Estado: polling
SAT Status: 2
[Runner] Procesando Request aab34396-795d-4a28-ace0-54de341a4ed2 (RFC: OAEJ811022733) - Estado: polling
SAT Status: 2
[Runner] Procesando Request c022fa30-4198-43a4-90f9-a3f6bdb12e49 (RFC: ROBL8205181B2) - Estado: polling
SAT Status: 2
[Runner] Procesando Request 9a2c2b61-80ec-44d3-9b18-b6e71e2a3c88 (RFC: ROBL8205181B2) - Estado: polling
SAT Status: 2
[Runner] Procesando Request 2ced02fe-862b-49e6-b831-bcb19e027594 (RFC: OAEJ811022733) - Estado: polling
SAT Status: 2
[Runner] Procesando Request aab34396-795d-4a28-ace0-54de341a4ed2 (RFC: OAEJ811022733) - Estado: polling
SAT Status: 2
[Runner] Procesando Request 7b1d752a-7586-46dd-9031-3f1937a33e7d (RFC: SASC4607161L8) - Estado: polling
SAT Status: 2
[Runner] Procesando Request c022fa30-4198-43a4-90f9-a3f6bdb12e49 (RFC: ROBL8205181B2) - Estado: polling
SAT Status: 2
[Runner] Procesando Request 9a2c2b61-80ec-44d3-9b18-b6e71e2a3c88 (RFC: ROBL8205181B2) - Estado: polling
SAT Status: 2
[Runner] Procesando Request 2ced02fe-862b-49e6-b831-bcb19e027594 (RFC: OAEJ811022733) - Estado: polling
SAT Status: 2
[Runner] Procesando Request aab34396-795d-4a28-ace0-54de341a4ed2 (RFC: OAEJ811022733) - Estado: polling
SAT Status: 2
[Runner] Procesando Request 7b1d752a-7586-46dd-9031-3f1937a33e7d (RFC: SASC4607161L8) - Estado: polling
SAT Status: 2
[Runner] Procesando Request c022fa30-4198-43a4-90f9-a3f6bdb12e49 (RFC: ROBL8205181B2) - Estado: polling
SAT Status: 2
[Runner] Procesando Request 9a2c2b61-80ec-44d3-9b18-b6e71e2a3c88 (RFC: ROBL8205181B2) - Estado: polling
SAT Status: 2
[Runner] Procesando Request 2ced02fe-862b-49e6-b831-bcb19e027594 (RFC: OAEJ811022733) - Estado: polling
SAT Status: 2
[Runner] Procesando Request aab34396-795d-4a28-ace0-54de341a4ed2 (RFC: OAEJ811022733) - Estado: polling
SAT Status: 2
[Runner] Procesando Request 7b1d752a-7586-46dd-9031-3f1937a33e7d (RFC: SASC4607161L8) - Estado: polling
SAT Status: 2
[Runner] Procesando Request c022fa30-4198-43a4-90f9-a3f6bdb12e49 (RFC: ROBL8205181B2) - Estado: polling
SAT Status: 2
[Runner] Procesando Request 9a2c2b61-80ec-44d3-9b18-b6e71e2a3c88 (RFC: ROBL8205181B2) - Estado: polling
SAT Status: 2
[Runner] Procesando Request 2ced02fe-862b-49e6-b831-bcb19e027594 (RFC: OAEJ811022733) - Estado: polling
SAT Status: 2
[Runner] Procesando Request aab34396-795d-4a28-ace0-54de341a4ed2 (RFC: OAEJ811022733) - Estado: polling
SAT Status: 2
[Runner] Procesando Request 7b1d752a-7586-46dd-9031-3f1937a33e7d (RFC: SASC4607161L8) - Estado: polling
SAT Status: 2
[Runner] Procesando Request c022fa30-4198-43a4-90f9-a3f6bdb12e49 (RFC: ROBL8205181B2) - Estado: polling
SAT Status: 2
[Runner] Procesando Request 9a2c2b61-80ec-44d3-9b18-b6e71e2a3c88 (RFC: ROBL8205181B2) - Estado: polling
SAT Status: 2
[Runner] Procesando Request 2ced02fe-862b-49e6-b831-bcb19e027594 (RFC: OAEJ811022733) - Estado: polling
SAT Status: 2
[Runner] Procesando Request aab34396-795d-4a28-ace0-54de341a4ed2 (RFC: OAEJ811022733) - Estado: polling
SAT Status: 2
[Runner] Procesando Request 7b1d752a-7586-46dd-9031-3f1937a33e7d (RFC: SASC4607161L8) - Estado: polling
SAT Status: 2
[Runner] Procesando Request c022fa30-4198-43a4-90f9-a3f6bdb12e49 (RFC: ROBL8205181B2) - Estado: polling
SAT Status: 2
[Runner] Procesando Request 9a2c2b61-80ec-44d3-9b18-b6e71e2a3c88 (RFC: ROBL8205181B2) - Estado: polling
SAT Status: 2
[Runner] Procesando Request 2ced02fe-862b-49e6-b831-bcb19e027594 (RFC: OAEJ811022733) - Estado: polling
SAT Status: 2
[Runner] Procesando Request aab34396-795d-4a28-ace0-54de341a4ed2 (RFC: OAEJ811022733) - Estado: polling
SAT Status: 2
[Runner] Procesando Request 7b1d752a-7586-46dd-9031-3f1937a33e7d (RFC: SASC4607161L8) - Estado: polling
SAT Status: 2
[Runner] Procesando Request c022fa30-4198-43a4-90f9-a3f6bdb12e49 (RFC: ROBL8205181B2) - Estado: polling
SAT Status: 2
[Runner] Procesando Request 9a2c2b61-80ec-44d3-9b18-b6e71e2a3c88 (RFC: ROBL8205181B2) - Estado: polling
SAT Status: 2
[Runner] Procesando Request 2ced02fe-862b-49e6-b831-bcb19e027594 (RFC: OAEJ811022733) - Estado: polling
SAT Status: 2
[Runner] Procesando Request aab34396-795d-4a28-ace0-54de341a4ed2 (RFC: OAEJ811022733) - Estado: polling
SAT Status: 2
[Runner] Procesando Request 7b1d752a-7586-46dd-9031-3f1937a33e7d (RFC: SASC4607161L8) - Estado: polling
SAT Status: 2
[Runner] Procesando Request c022fa30-4198-43a4-90f9-a3f6bdb12e49 (RFC: ROBL8205181B2) - Estado: polling
SAT Status: 2
[Runner] Procesando Request 9a2c2b61-80ec-44d3-9b18-b6e71e2a3c88 (RFC: ROBL8205181B2) - Estado: polling
SAT Status: 2
[Runner] Procesando Request 2ced02fe-862b-49e6-b831-bcb19e027594 (RFC: OAEJ811022733) - Estado: polling
SAT Status: 2
[Runner] Procesando Request aab34396-795d-4a28-ace0-54de341a4ed2 (RFC: OAEJ811022733) - Estado: polling
SAT Status: 2
[Runner] Procesando Request 7b1d752a-7586-46dd-9031-3f1937a33e7d (RFC: SASC4607161L8) - Estado: polling
SAT Status: 2
[Runner] Procesando Request c022fa30-4198-43a4-90f9-a3f6bdb12e49 (RFC: ROBL8205181B2) - Estado: polling
SAT Status: 2
[Runner] Procesando Request 9a2c2b61-80ec-44d3-9b18-b6e71e2a3c88 (RFC: ROBL8205181B2) - Estado: polling
SAT Status: 2
[Runner] Procesando Request 2ced02fe-862b-49e6-b831-bcb19e027594 (RFC: OAEJ811022733) - Estado: polling
SAT Status: 2
[Runner] Procesando Request aab34396-795d-4a28-ace0-54de341a4ed2 (RFC: OAEJ811022733) - Estado: polling
SAT Status: 2
[Runner] Procesando Request 7b1d752a-7586-46dd-9031-3f1937a33e7d (RFC: SASC4607161L8) - Estado: polling
SAT Status: 2
[Runner] Procesando Request c022fa30-4198-43a4-90f9-a3f6bdb12e49 (RFC: ROBL8205181B2) - Estado: polling
SAT Status: 3
¡Paquetes listos! IDs: 96340F0B-704D-41D9-929B-CB088CF2C88F_01
[Runner] Procesando Request 9a2c2b61-80ec-44d3-9b18-b6e71e2a3c88 (RFC: ROBL8205181B2) - Estado: polling
SAT Status: 3
¡Paquetes listos! IDs: AC33A2CE-2BE1-49C7-BFB3-00BDC04AC260_01
[Runner] Procesando Request 2ced02fe-862b-49e6-b831-bcb19e027594 (RFC: OAEJ811022733) - Estado: polling
SAT Status: 2
[Runner] Procesando Request aab34396-795d-4a28-ace0-54de341a4ed2 (RFC: OAEJ811022733) - Estado: polling
SAT Status: 2
[Runner] Procesando Request 7b1d752a-7586-46dd-9031-3f1937a33e7d (RFC: SASC4607161L8) - Estado: polling
SAT Status: 2
[Runner] Procesando Request 2ced02fe-862b-49e6-b831-bcb19e027594 (RFC: OAEJ811022733) - Estado: polling
SAT Status: 2
[Runner] Procesando Request aab34396-795d-4a28-ace0-54de341a4ed2 (RFC: OAEJ811022733) - Estado: polling
SAT Status: 2
[Runner] Procesando Request 7b1d752a-7586-46dd-9031-3f1937a33e7d (RFC: SASC4607161L8) - Estado: polling
SAT Status: 2
[Runner] Procesando Request 063483b6-1458-405f-8c7a-1db45374945f (RFC: SASC4607161L8) - Estado: polling
SAT Status: 2
[Runner] Procesando Request 2ced02fe-862b-49e6-b831-bcb19e027594 (RFC: OAEJ811022733) - Estado: polling
SAT Status: 2
[Runner] Procesando Request aab34396-795d-4a28-ace0-54de341a4ed2 (RFC: OAEJ811022733) - Estado: polling
SAT Status: 2
[Runner] Procesando Request 7b1d752a-7586-46dd-9031-3f1937a33e7d (RFC: SASC4607161L8) - Estado: polling
SAT Status: 2
[Runner] Procesando Request 063483b6-1458-405f-8c7a-1db45374945f (RFC: SASC4607161L8) - Estado: polling
SAT Status: 2
[Runner] Procesando Request 2ced02fe-862b-49e6-b831-bcb19e027594 (RFC: OAEJ811022733) - Estado: polling
SAT Status: 2
[Runner] Procesando Request aab34396-795d-4a28-ace0-54de341a4ed2 (RFC: OAEJ811022733) - Estado: polling
SAT Status: 2
[Runner] Procesando Request 7b1d752a-7586-46dd-9031-3f1937a33e7d (RFC: SASC4607161L8) - Estado: polling
SAT Status: 2
[Runner] Procesando Request 063483b6-1458-405f-8c7a-1db45374945f (RFC: SASC4607161L8) - Estado: polling
SAT Status: 2
[Runner] Procesando Request 2ced02fe-862b-49e6-b831-bcb19e027594 (RFC: OAEJ811022733) - Estado: polling
SAT Status: 3
¡Paquetes listos! IDs: 2873F41C-75EF-458D-9333-0B4C5FCAD38A_01
[Runner] Procesando Request aab34396-795d-4a28-ace0-54de341a4ed2 (RFC: OAEJ811022733) - Estado: polling
SAT Status: 3
¡Paquetes listos! IDs: ED4B7DAA-962E-488B-BE96-9FE82F115560_01
[Runner] Procesando Request 7b1d752a-7586-46dd-9031-3f1937a33e7d (RFC: SASC4607161L8) - Estado: polling
SAT Status: 2
[Runner] Procesando Request 063483b6-1458-405f-8c7a-1db45374945f (RFC: SASC4607161L8) - Estado: polling
SAT Status: 2
[Runner] Procesando Request 7b1d752a-7586-46dd-9031-3f1937a33e7d (RFC: SASC4607161L8) - Estado: polling
SAT Status: 2
[Runner] Procesando Request 063483b6-1458-405f-8c7a-1db45374945f (RFC: SASC4607161L8) - Estado: polling
SAT Status: 2
[Runner] Procesando Request 7b1d752a-7586-46dd-9031-3f1937a33e7d (RFC: SASC4607161L8) - Estado: polling
SAT Status: 2
[Runner] Procesando Request 063483b6-1458-405f-8c7a-1db45374945f (RFC: SASC4607161L8) - Estado: polling
SAT Status: 2
[Runner] Procesando Request 7b1d752a-7586-46dd-9031-3f1937a33e7d (RFC: SASC4607161L8) - Estado: polling
SAT Status: 2
[Runner] Procesando Request 063483b6-1458-405f-8c7a-1db45374945f (RFC: SASC4607161L8) - Estado: polling
SAT Status: 2
[Runner] Procesando Request 7b1d752a-7586-46dd-9031-3f1937a33e7d (RFC: SASC4607161L8) - Estado: polling
SAT Status: 2
[Runner] Procesando Request 063483b6-1458-405f-8c7a-1db45374945f (RFC: SASC4607161L8) - Estado: polling
SAT Status: 2
[Runner] Procesando Request 7b1d752a-7586-46dd-9031-3f1937a33e7d (RFC: SASC4607161L8) - Estado: polling
SAT Status: 2
[Runner] Procesando Request 063483b6-1458-405f-8c7a-1db45374945f (RFC: SASC4607161L8) - Estado: polling
SAT Status: 2
[Runner] Procesando Request 7b1d752a-7586-46dd-9031-3f1937a33e7d (RFC: SASC4607161L8) - Estado: polling
SAT Status: 2
[Runner] Procesando Request 063483b6-1458-405f-8c7a-1db45374945f (RFC: SASC4607161L8) - Estado: polling
SAT Status: 2
[Runner] Procesando Request 7b1d752a-7586-46dd-9031-3f1937a33e7d (RFC: SASC4607161L8) - Estado: polling
SAT Status: 2
[Runner] Procesando Request 063483b6-1458-405f-8c7a-1db45374945f (RFC: SASC4607161L8) - Estado: polling
SAT Status: 2
[Runner] Procesando Request 7b1d752a-7586-46dd-9031-3f1937a33e7d (RFC: SASC4607161L8) - Estado: polling
SAT Status: 3
¡Paquetes listos! IDs: F971FB5B-FA87-44E5-AECE-04545902AC3E_01
[Runner] Procesando Request 063483b6-1458-405f-8c7a-1db45374945f (RFC: SASC4607161L8) - Estado: polling
SAT Status: 3
¡Paquetes listos! IDs: B6E9C4A5-6B6C-4263-9D26-BC0F832C9681_01
[Runner] Procesando Request 9805e82d-09ca-4c8c-ac62-659e402d39c2 (RFC: SAFJ730709HX8) - Estado: created
Solicitud creada en SAT: 7f572da9-8ef8-42ae-9bfb-3efc58f4fc20
[Runner] Procesando Request ff9696b3-92e2-4e20-af5a-30bcaacaef9a (RFC: SAFJ730709HX8) - Estado: created
Solicitud creada en SAT: 78376845-f987-424f-9851-65abb7a6cc89
[Runner] Procesando Request 9805e82d-09ca-4c8c-ac62-659e402d39c2 (RFC: SAFJ730709HX8) - Estado: downloading
Descargando paquete 7F572DA9-8EF8-42AE-9BFB-3EFC58F4FC20_01...
Descomprimiendo en: /var/www/storage/app/sat/downloads/SAFJ730709HX8/7f572da9-8ef8-42ae-9bfb-3efc58f4fc20/extracted_7F572DA9-8EF8-42AE-9BFB-3EFC58F4FC20_01
¡ÉXITO! Paquete descomprimido con ZipArchive. Archivos: 5
Iniciando extracción STANDARD...
Procesamiento finalizado. Total XMLs en BD: 3
[Runner] Procesando Request ff9696b3-92e2-4e20-af5a-30bcaacaef9a (RFC: SAFJ730709HX8) - Estado: polling
SAT Status: 3
¡Paquetes listos! IDs: 78376845-F987-424F-9851-65ABB7A6CC89_01
[Runner] Procesando Request 3c34b66b-c63b-4237-a963-4878211b1953 (RFC: VIHA860427K80) - Estado: created
Solicitud creada en SAT: ae094f96-75f9-424a-92b3-a539637bd2c5
[Runner] Procesando Request a652ff0f-73c1-43a4-95b7-cdfe10f84d26 (RFC: VIHA860427K80) - Estado: created
Solicitud creada en SAT: c711743c-93d1-4bd6-82d7-1824fc5bddfa
[Runner] Procesando Request 3c34b66b-c63b-4237-a963-4878211b1953 (RFC: VIHA860427K80) - Estado: polling
SAT Status: 2
[Runner] Procesando Request a652ff0f-73c1-43a4-95b7-cdfe10f84d26 (RFC: VIHA860427K80) - Estado: polling
SAT Status: 2
[Runner] Procesando Request 3c34b66b-c63b-4237-a963-4878211b1953 (RFC: VIHA860427K80) - Estado: polling
SAT Status: 2
[Runner] Procesando Request a652ff0f-73c1-43a4-95b7-cdfe10f84d26 (RFC: VIHA860427K80) - Estado: polling
SAT Status: 2
[Runner] Procesando Request 3c34b66b-c63b-4237-a963-4878211b1953 (RFC: VIHA860427K80) - Estado: polling
SAT Status: 2
[Runner] Procesando Request a652ff0f-73c1-43a4-95b7-cdfe10f84d26 (RFC: VIHA860427K80) - Estado: polling
SAT Status: 2
[Runner] Procesando Request 3c34b66b-c63b-4237-a963-4878211b1953 (RFC: VIHA860427K80) - Estado: polling
SAT Status: 2
[Runner] Procesando Request a652ff0f-73c1-43a4-95b7-cdfe10f84d26 (RFC: VIHA860427K80) - Estado: polling
SAT Status: 2
[Runner] Procesando Request 3c34b66b-c63b-4237-a963-4878211b1953 (RFC: VIHA860427K80) - Estado: polling
SAT Status: 2
[Runner] Procesando Request a652ff0f-73c1-43a4-95b7-cdfe10f84d26 (RFC: VIHA860427K80) - Estado: polling
SAT Status: 2
[Runner] Procesando Request 3c34b66b-c63b-4237-a963-4878211b1953 (RFC: VIHA860427K80) - Estado: polling
SAT Status: 2
[Runner] Procesando Request a652ff0f-73c1-43a4-95b7-cdfe10f84d26 (RFC: VIHA860427K80) - Estado: polling
SAT Status: 2
[Runner] Procesando Request 3c34b66b-c63b-4237-a963-4878211b1953 (RFC: VIHA860427K80) - Estado: polling
SAT Status: 2
[Runner] Procesando Request a652ff0f-73c1-43a4-95b7-cdfe10f84d26 (RFC: VIHA860427K80) - Estado: polling
SAT Status: 2
[Runner] Procesando Request 3c34b66b-c63b-4237-a963-4878211b1953 (RFC: VIHA860427K80) - Estado: polling
SAT Status: 2
[Runner] Procesando Request a652ff0f-73c1-43a4-95b7-cdfe10f84d26 (RFC: VIHA860427K80) - Estado: polling
SAT Status: 2
[Runner] Procesando Request 3c34b66b-c63b-4237-a963-4878211b1953 (RFC: VIHA860427K80) - Estado: polling
SAT Status: 3
¡Paquetes listos! IDs: AE094F96-75F9-424A-92B3-A539637BD2C5_01
[Runner] Procesando Request a652ff0f-73c1-43a4-95b7-cdfe10f84d26 (RFC: VIHA860427K80) - Estado: polling
SAT Status: 3
¡Paquetes listos! IDs: C711743C-93D1-4BD6-82D7-1824FC5BDDFA_01
[Runner] Procesando Request 3c34b66b-c63b-4237-a963-4878211b1953 (RFC: VIHA860427K80) - Estado: downloading
Descargando paquete AE094F96-75F9-424A-92B3-A539637BD2C5_01...
Descomprimiendo en: /var/www/storage/app/sat/downloads/VIHA860427K80/ae094f96-75f9-424a-92b3-a539637bd2c5/extracted_AE094F96-75F9-424A-92B3-A539637BD2C5_01
¡ÉXITO! Paquete descomprimido con ZipArchive. Archivos: 2074
Iniciando extracción STANDARD...
Procesamiento finalizado. Total XMLs en BD: 2072
[Runner] Procesando Request a652ff0f-73c1-43a4-95b7-cdfe10f84d26 (RFC: VIHA860427K80) - Estado: downloading
Descargando paquete C711743C-93D1-4BD6-82D7-1824FC5BDDFA_01...
Descomprimiendo en: /var/www/storage/app/sat/downloads/VIHA860427K80/c711743c-93d1-4bd6-82d7-1824fc5bddfa/extracted_C711743C-93D1-4BD6-82D7-1824FC5BDDFA_01
¡ÉXITO! Paquete descomprimido con ZipArchive. Archivos: 1659
Iniciando extracción STANDARD...
Procesamiento finalizado. Total XMLs en BD: 1657
[Runner] Procesando Request c4ade71c-91ea-4cdc-b0f1-e23c1145f217 (RFC: BUHI860503QJ3) - Estado: created
Solicitud creada en SAT: 9579e8e0-1a31-4975-812b-9767b2e3a988
[Runner] Procesando Request 880af8d5-847c-4f42-ad6b-7db205d82a40 (RFC: BUHI860503QJ3) - Estado: created
Solicitud creada en SAT: f2d51f6c-0b5d-4469-8aec-2f4ef5ae0cf9
[Runner] Procesando Request c4ade71c-91ea-4cdc-b0f1-e23c1145f217 (RFC: BUHI860503QJ3) - Estado: polling
SAT Status: 2
[Runner] Procesando Request 880af8d5-847c-4f42-ad6b-7db205d82a40 (RFC: BUHI860503QJ3) - Estado: polling
SAT Status: 2
[Runner] Procesando Request c4ade71c-91ea-4cdc-b0f1-e23c1145f217 (RFC: BUHI860503QJ3) - Estado: polling
SAT Status: 2
[Runner] Procesando Request 880af8d5-847c-4f42-ad6b-7db205d82a40 (RFC: BUHI860503QJ3) - Estado: polling
SAT Status: 2
[Runner] Procesando Request c4ade71c-91ea-4cdc-b0f1-e23c1145f217 (RFC: BUHI860503QJ3) - Estado: polling
SAT Status: 2
[Runner] Procesando Request 880af8d5-847c-4f42-ad6b-7db205d82a40 (RFC: BUHI860503QJ3) - Estado: polling
SAT Status: 2
[Runner] Procesando Request c4ade71c-91ea-4cdc-b0f1-e23c1145f217 (RFC: BUHI860503QJ3) - Estado: polling
SAT Status: 2
[Runner] Procesando Request 880af8d5-847c-4f42-ad6b-7db205d82a40 (RFC: BUHI860503QJ3) - Estado: polling
SAT Status: 2
[Runner] Procesando Request c4ade71c-91ea-4cdc-b0f1-e23c1145f217 (RFC: BUHI860503QJ3) - Estado: polling
SAT Status: 2
[Runner] Procesando Request 880af8d5-847c-4f42-ad6b-7db205d82a40 (RFC: BUHI860503QJ3) - Estado: polling
SAT Status: 2
[Runner] Procesando Request c4ade71c-91ea-4cdc-b0f1-e23c1145f217 (RFC: BUHI860503QJ3) - Estado: polling
SAT Status: 2
[Runner] Procesando Request 880af8d5-847c-4f42-ad6b-7db205d82a40 (RFC: BUHI860503QJ3) - Estado: polling
SAT Status: 2
[Runner] Procesando Request c4ade71c-91ea-4cdc-b0f1-e23c1145f217 (RFC: BUHI860503QJ3) - Estado: polling
SAT Status: 2
[Runner] Procesando Request 880af8d5-847c-4f42-ad6b-7db205d82a40 (RFC: BUHI860503QJ3) - Estado: polling
SAT Status: 2
[Runner] Procesando Request c4ade71c-91ea-4cdc-b0f1-e23c1145f217 (RFC: BUHI860503QJ3) - Estado: polling
SAT Status: 2
[Runner] Procesando Request 880af8d5-847c-4f42-ad6b-7db205d82a40 (RFC: BUHI860503QJ3) - Estado: polling
SAT Status: 2
[Runner] Procesando Request c4ade71c-91ea-4cdc-b0f1-e23c1145f217 (RFC: BUHI860503QJ3) - Estado: polling
SAT Status: 2
[Runner] Procesando Request 880af8d5-847c-4f42-ad6b-7db205d82a40 (RFC: BUHI860503QJ3) - Estado: polling
SAT Status: 2
[Runner] Procesando Request c4ade71c-91ea-4cdc-b0f1-e23c1145f217 (RFC: BUHI860503QJ3) - Estado: polling
SAT Status: 2
[Runner] Procesando Request 880af8d5-847c-4f42-ad6b-7db205d82a40 (RFC: BUHI860503QJ3) - Estado: polling
SAT Status: 2
[Runner] Procesando Request c4ade71c-91ea-4cdc-b0f1-e23c1145f217 (RFC: BUHI860503QJ3) - Estado: polling
SAT Status: 2
[Runner] Procesando Request 880af8d5-847c-4f42-ad6b-7db205d82a40 (RFC: BUHI860503QJ3) - Estado: polling
SAT Status: 2
[Runner] Procesando Request c4ade71c-91ea-4cdc-b0f1-e23c1145f217 (RFC: BUHI860503QJ3) - Estado: polling
SAT Status: 2
[Runner] Procesando Request 880af8d5-847c-4f42-ad6b-7db205d82a40 (RFC: BUHI860503QJ3) - Estado: polling
SAT Status: 2
[Runner] Procesando Request c4ade71c-91ea-4cdc-b0f1-e23c1145f217 (RFC: BUHI860503QJ3) - Estado: polling
SAT Status: 2
[Runner] Procesando Request 880af8d5-847c-4f42-ad6b-7db205d82a40 (RFC: BUHI860503QJ3) - Estado: polling
SAT Status: 2
[Runner] Procesando Request c4ade71c-91ea-4cdc-b0f1-e23c1145f217 (RFC: BUHI860503QJ3) - Estado: polling
SAT Status: 2
[Runner] Procesando Request 880af8d5-847c-4f42-ad6b-7db205d82a40 (RFC: BUHI860503QJ3) - Estado: polling
SAT Status: 2
[Runner] Procesando Request c4ade71c-91ea-4cdc-b0f1-e23c1145f217 (RFC: BUHI860503QJ3) - Estado: polling
SAT Status: 2
[Runner] Procesando Request 880af8d5-847c-4f42-ad6b-7db205d82a40 (RFC: BUHI860503QJ3) - Estado: polling
SAT Status: 2
[Runner] Procesando Request c4ade71c-91ea-4cdc-b0f1-e23c1145f217 (RFC: BUHI860503QJ3) - Estado: polling
SAT Status: 2
[Runner] Procesando Request 880af8d5-847c-4f42-ad6b-7db205d82a40 (RFC: BUHI860503QJ3) - Estado: polling
SAT Status: 2
[Runner] Procesando Request c4ade71c-91ea-4cdc-b0f1-e23c1145f217 (RFC: BUHI860503QJ3) - Estado: polling
SAT Status: 2
[Runner] Procesando Request 880af8d5-847c-4f42-ad6b-7db205d82a40 (RFC: BUHI860503QJ3) - Estado: polling
SAT Status: 2
[Runner] Procesando Request c4ade71c-91ea-4cdc-b0f1-e23c1145f217 (RFC: BUHI860503QJ3) - Estado: polling
SAT Status: 3
¡Paquetes listos! IDs: 9579E8E0-1A31-4975-812B-9767B2E3A988_01
[Runner] Procesando Request 880af8d5-847c-4f42-ad6b-7db205d82a40 (RFC: BUHI860503QJ3) - Estado: polling
SAT Status: 3
¡Paquetes listos! IDs: F2D51F6C-0B5D-4469-8AEC-2F4EF5AE0CF9_01
[Runner] Procesando Request c4ade71c-91ea-4cdc-b0f1-e23c1145f217 (RFC: BUHI860503QJ3) - Estado: downloading
Descargando paquete 9579E8E0-1A31-4975-812B-9767B2E3A988_01...
Descomprimiendo en: /var/www/storage/app/sat/downloads/BUHI860503QJ3/9579e8e0-1a31-4975-812b-9767b2e3a988/extracted_9579E8E0-1A31-4975-812B-9767B2E3A988_01
¡ÉXITO! Paquete descomprimido con ZipArchive. Archivos: 5690
Iniciando extracción STANDARD...
Procesamiento finalizado. Total XMLs en BD: 5688
[Runner] Procesando Request 880af8d5-847c-4f42-ad6b-7db205d82a40 (RFC: BUHI860503QJ3) - Estado: downloading
Descargando paquete F2D51F6C-0B5D-4469-8AEC-2F4EF5AE0CF9_01...
Descomprimiendo en: /var/www/storage/app/sat/downloads/BUHI860503QJ3/f2d51f6c-0b5d-4469-8aec-2f4ef5ae0cf9/extracted_F2D51F6C-0B5D-4469-8AEC-2F4EF5AE0CF9_01
¡ÉXITO! Paquete descomprimido con ZipArchive. Archivos: 3221
Iniciando extracción STANDARD...
Procesamiento finalizado. Total XMLs en BD: 3219
[Runner] Procesando Request 5908b4b6-33b1-4a29-a22e-4853f4e48239 (RFC: OAEJ811022733) - Estado: created
Solicitud creada en SAT: 105c5c5d-6164-432e-a7f6-368d0d889d08
[Runner] Procesando Request 1a5d73bb-aeb7-40a5-a1f6-e5f54317b2a6 (RFC: OAEJ811022733) - Estado: created
[Error] Fallo al presentar consulta: Error no controlado.
[Runner] Procesando Request 5908b4b6-33b1-4a29-a22e-4853f4e48239 (RFC: OAEJ811022733) - Estado: polling
[Error] Unexpected server error status code 500
[Runner] Procesando Request 1a5d73bb-aeb7-40a5-a1f6-e5f54317b2a6 (RFC: OAEJ811022733) - Estado: created
Solicitud creada en SAT: 3d3acd83-0d05-4b70-9b18-f578b5038ae3
[Runner] Procesando Request b311f2da-b553-4bed-94b8-689b3fcdfd62 (RFC: ROBL8205181B2) - Estado: created
Solicitud creada en SAT: 869111dd-7e4a-4a99-94a5-4d1634873613
[Runner] Procesando Request c7857583-3f96-4308-bec6-1a2f1be1a4cc (RFC: ROBL8205181B2) - Estado: created
Solicitud creada en SAT: 097276fb-324f-4f43-82ac-837a2915e2d6
[Runner] Procesando Request 5908b4b6-33b1-4a29-a22e-4853f4e48239 (RFC: OAEJ811022733) - Estado: polling
Iniciando SAT Runner... (VERSION FINALISIMA v2)
--- DEBUG START ---
CWD: /var/www
DB: /var/www/Base_datos/database.sqlite
Last 5 lines of laravel.log:
Iniciando SAT Runner... (VERSION FINALISIMA v2)
--- DEBUG START ---
CWD: /var/www
DB: /var/www/Base_datos/database.sqlite
Last 5 lines of laravel.log:
Iniciando SAT Runner... (VERSION FINALISIMA v2)
--- DEBUG START ---
CWD: /var/www
DB: /var/www/Base_datos/database.sqlite
Last 5 lines of laravel.log:
Iniciando SAT Runner... (VERSION FINALISIMA v2.1 - Memory Fix)
--- DEBUG START ---
CWD: /var/www
DB: /var/www/Base_datos/database.sqlite
Last 5 lines of laravel.log:
"} 
[2026-02-18 08:28:00] local.ERROR: Allowed memory size of 134217728 bytes exhausted (tried to allocate 4096 bytes) {"exception":"[object] (Symfony\\Component\\ErrorHandler\\Error\\FatalError(code: 0): Allowed memory size of 134217728 bytes exhausted (tried to allocate 4096 bytes) at /var/www/app/Console/Commands/SatRunnerCommand.php:32)
[stacktrace]
#0 {main}
"} 

--- DEBUG END ---
[Runner] Procesando Request 5908b4b6-33b1-4a29-a22e-4853f4e48239 (RFC: OAEJ811022733) - Estado: polling
[Error] Unexpected server error status code 500
[Runner] Procesando Request 1a5d73bb-aeb7-40a5-a1f6-e5f54317b2a6 (RFC: OAEJ811022733) - Estado: polling
Iniciando SAT Runner... (VERSION FINALISIMA v2.1 - Memory Fix)
--- DEBUG START ---
CWD: /var/www
DB: /var/www/Base_datos/database.sqlite
Last 5 lines of laravel.log:
[2026-02-18 08:36:02] local.ERROR: SAT WS exception {"attempt":3,"is500":true,"exception":"PhpCfdi\\SatWsDescargaMasiva\\WebClient\\Exceptions\\HttpServerError","message":"Unexpected server error status code 500","context":{"action":"verify","rfc":"OAEJ811022733","requestId":"105c5c5d-6164-432e-a7f6-368d0d889d08"}} 
[2026-02-18 08:36:04] local.ERROR: SAT WS exception {"attempt":4,"is500":true,"exception":"PhpCfdi\\SatWsDescargaMasiva\\WebClient\\Exceptions\\HttpServerError","message":"Unexpected server error status code 500","context":{"action":"verify","rfc":"OAEJ811022733","requestId":"105c5c5d-6164-432e-a7f6-368d0d889d08"}} 
[2026-02-18 08:36:04] local.ERROR: SAT WS exception {"attempt":1,"is500":true,"exception":"PhpCfdi\\SatWsDescargaMasiva\\WebClient\\Exceptions\\HttpServerError","message":"Unexpected server error status code 500","context":{"action":"verify","rfc":"OAEJ811022733","requestId":"3d3acd83-0d05-4b70-9b18-f578b5038ae3"}} 
[2026-02-18 08:36:05] local.ERROR: SAT WS exception {"attempt":2,"is500":true,"exception":"PhpCfdi\\SatWsDescargaMasiva\\WebClient\\Exceptions\\HttpServerError","message":"Unexpected server error status code 500","context":{"action":"verify","rfc":"OAEJ811022733","requestId":"3d3acd83-0d05-4b70-9b18-f578b5038ae3"}} 
[2026-02-18 08:36:06] local.ERROR: SAT WS exception {"attempt":3,"is500":true,"exception":"PhpCfdi\\SatWsDescargaMasiva\\WebClient\\Exceptions\\HttpServerError","message":"Unexpected server error status code 500","context":{"action":"verify","rfc":"OAEJ811022733","requestId":"3d3acd83-0d05-4b70-9b18-f578b5038ae3"}} 

--- DEBUG END ---
[Runner] Procesando Request 1a5d73bb-aeb7-40a5-a1f6-e5f54317b2a6 (RFC: OAEJ811022733) - Estado: polling
Iniciando SAT Runner... (VERSION FINALISIMA v2)
--- DEBUG START ---
CWD: /var/www
DB: /var/www/Base_datos/database.sqlite
Last 5 lines of laravel.log:
Iniciando SAT Runner... (VERSION FINALISIMA v2)
--- DEBUG START ---
CWD: /var/www
DB: /var/www/Base_datos/database.sqlite
Last 5 lines of laravel.log:
Iniciando SAT Runner... (VERSION FINALISIMA v2)
--- DEBUG START ---
CWD: /var/www
DB: /var/www/Base_datos/database.sqlite
Last 5 lines of laravel.log:
Iniciando SAT Runner... (VERSION FINALISIMA v2)
--- DEBUG START ---
CWD: /var/www
DB: /var/www/Base_datos/database.sqlite
Last 5 lines of laravel.log:
Iniciando SAT Runner... (VERSION FINALISIMA v2)
--- DEBUG START ---
CWD: /var/www
DB: /var/www/Base_datos/database.sqlite
Last 5 lines of laravel.log:
Iniciando SAT Runner... (VERSION FINALISIMA v2.1 - Memory Fix)
--- DEBUG START ---
CWD: /var/www
DB: /var/www/Base_datos/database.sqlite
Last 5 lines of laravel.log:
[2026-02-18 08:39:06] local.ERROR: SAT WS exception {"attempt":3,"is500":true,"exception":"PhpCfdi\\SatWsDescargaMasiva\\WebClient\\Exceptions\\HttpServerError","message":"Unexpected server error status code 500","context":{"action":"verify","rfc":"OAEJ811022733","requestId":"3d3acd83-0d05-4b70-9b18-f578b5038ae3"}} 
[2026-02-18 08:39:08] local.ERROR: SAT WS exception {"attempt":4,"is500":true,"exception":"PhpCfdi\\SatWsDescargaMasiva\\WebClient\\Exceptions\\HttpServerError","message":"Unexpected server error status code 500","context":{"action":"verify","rfc":"OAEJ811022733","requestId":"3d3acd83-0d05-4b70-9b18-f578b5038ae3"}} 
[2026-02-18 08:39:09] local.ERROR: SAT WS exception {"attempt":1,"is500":true,"exception":"PhpCfdi\\SatWsDescargaMasiva\\WebClient\\Exceptions\\HttpServerError","message":"Unexpected server error status code 500","context":{"action":"verify","rfc":"ROBL8205181B2","requestId":"869111dd-7e4a-4a99-94a5-4d1634873613"}} 
[2026-02-18 08:39:09] local.ERROR: SAT WS exception {"attempt":2,"is500":true,"exception":"PhpCfdi\\SatWsDescargaMasiva\\WebClient\\Exceptions\\HttpServerError","message":"Unexpected server error status code 500","context":{"action":"verify","rfc":"ROBL8205181B2","requestId":"869111dd-7e4a-4a99-94a5-4d1634873613"}} 
[2026-02-18 08:39:13] local.ERROR: SAT WS exception {"attempt":3,"is500":true,"exception":"PhpCfdi\\SatWsDescargaMasiva\\WebClient\\Exceptions\\HttpServerError","message":"Unexpected server error status code 500","context":{"action":"verify","rfc":"OAEJ811022733","requestId":"3d3acd83-0d05-4b70-9b18-f578b5038ae3"}} 

--- DEBUG END ---
[Runner] Procesando Request c4ade71c-91ea-4cdc-b0f1-e23c1145f217 (RFC: BUHI860503QJ3) - Estado: polling
[Error] Unexpected server error status code 500
[Runner] Procesando Request 5908b4b6-33b1-4a29-a22e-4853f4e48239 (RFC: OAEJ811022733) - Estado: polling
[Error] Unexpected server error status code 500
[Runner] Procesando Request 1a5d73bb-aeb7-40a5-a1f6-e5f54317b2a6 (RFC: OAEJ811022733) - Estado: polling
Iniciando SAT Runner... (VERSION FINALISIMA v2.1 - Memory Fix)
--- DEBUG START ---
CWD: /var/www
DB: /var/www/Base_datos/database.sqlite
Last 5 lines of laravel.log:
[2026-02-18 08:52:04] local.ERROR: SAT WS exception {"attempt":1,"is500":true,"exception":"PhpCfdi\\SatWsDescargaMasiva\\WebClient\\Exceptions\\HttpServerError","message":"Unexpected server error status code 500","context":{"action":"verify","rfc":"ROBL8205181B2","requestId":"70797f46-7cb2-4cf9-ab9f-9cef8ad0033e"}} 
[2026-02-18 08:52:06] local.ERROR: SAT WS exception {"attempt":3,"is500":true,"exception":"PhpCfdi\\SatWsDescargaMasiva\\WebClient\\Exceptions\\HttpServerError","message":"Unexpected server error status code 500","context":{"action":"verify","rfc":"OAEJ811022733","requestId":"105c5c5d-6164-432e-a7f6-368d0d889d08"}} 
[2026-02-18 08:52:08] local.ERROR: SAT WS exception {"attempt":4,"is500":true,"exception":"PhpCfdi\\SatWsDescargaMasiva\\WebClient\\Exceptions\\HttpServerError","message":"Unexpected server error status code 500","context":{"action":"verify","rfc":"OAEJ811022733","requestId":"105c5c5d-6164-432e-a7f6-368d0d889d08"}} 
[2026-02-18 08:52:09] local.ERROR: SAT WS exception {"attempt":1,"is500":true,"exception":"PhpCfdi\\SatWsDescargaMasiva\\WebClient\\Exceptions\\HttpServerError","message":"Unexpected server error status code 500","context":{"action":"verify","rfc":"OAEJ811022733","requestId":"3d3acd83-0d05-4b70-9b18-f578b5038ae3"}} 
[2026-02-18 08:52:09] local.ERROR: SAT WS exception {"attempt":2,"is500":true,"exception":"PhpCfdi\\SatWsDescargaMasiva\\WebClient\\Exceptions\\HttpServerError","message":"Unexpected server error status code 500","context":{"action":"verify","rfc":"OAEJ811022733","requestId":"3d3acd83-0d05-4b70-9b18-f578b5038ae3"}} 

--- DEBUG END ---
[Runner] Procesando Request c4ade71c-91ea-4cdc-b0f1-e23c1145f217 (RFC: BUHI860503QJ3) - Estado: polling

   Symfony\Component\ErrorHandler\Error\FatalError 

  Namespace declaration statement has to be the very first statement or after any declare call in the script

  at app/Console/Commands/SatRunnerCommand.php:3
      1▕ ﻿<?php
      2▕ 
  ➜   3▕ namespace App\Console\Commands;
      4▕ 
      5▕ use App\Models\SatRequest;
      6▕ use App\Services\SatDescargaMasivaService;
      7▕ use App\Services\XmlProcessorService;
      8▕ use Exception;
      9▕ use Illuminate\Console\Command;


   Whoops\Exception\ErrorException 

  Namespace declaration statement has to be the very first statement or after any declare call in the script

  at app/Console/Commands/SatRunnerCommand.php:3
      1▕ ﻿<?php
      2▕ 
  ➜   3▕ namespace App\Console\Commands;
      4▕ 
      5▕ use App\Models\SatRequest;
      6▕ use App\Services\SatDescargaMasivaService;
      7▕ use App\Services\XmlProcessorService;
      8▕ use Exception;
      9▕ use Illuminate\Console\Command;

      [2m+1 vendor frames [22m
  2   [internal]:0
      Whoops\Run::handleShutdown()
Iniciando SAT Runner... (VERSION FINALISIMA v2.1 - Memory Fix)
--- DEBUG START ---
CWD: /var/www
DB: /var/www/Base_datos/database.sqlite
Last 5 lines of laravel.log:
[2026-02-18 09:01:00] local.ERROR: Namespace declaration statement has to be the very first statement or after any declare call in the script {"exception":"[object] (Symfony\\Component\\ErrorHandler\\Error\\FatalError(code: 0): Namespace declaration statement has to be the very first statement or after any declare call in the script at /var/www/app/Console/Commands/SatRunnerCommand.php:3)
[stacktrace]
#0 {main}
"} 
[2026-02-18 09:03:00] local.ERROR: SAT WS exception {"attempt":1,"is500":true,"exception":"PhpCfdi\\SatWsDescargaMasiva\\WebClient\\Exceptions\\HttpServerError","message":"Unexpected server error status code 500","context":{"action":"verify","rfc":"BUHI860503QJ3","requestId":"9579e8e0-1a31-4975-812b-9767b2e3a988"}} 

--- DEBUG END ---
[Runner] Procesando Request c4ade71c-91ea-4cdc-b0f1-e23c1145f217 (RFC: BUHI860503QJ3) - Estado: polling
Iniciando SAT Runner... (VERSION FINALISIMA v2)
--- DEBUG START ---
CWD: /var/www
DB: /var/www/Base_datos/database.sqlite
Last 5 lines of laravel.log:
Iniciando SAT Runner... (VERSION FINALISIMA v2)
--- DEBUG START ---
CWD: /var/www
DB: /var/www/Base_datos/database.sqlite
Last 5 lines of laravel.log:
